#
# A fatal error has been detected by the Java Runtime Environment:
#
#  EXCEPTION_ACCESS_VIOLATION (0xc0000005) at pc=0x00007ff82abe1f37, pid=14072, tid=45108
#
# JRE version: OpenJDK Runtime Environment (19.0.1+10) (build 19.0.1+10-21)
# Java VM: OpenJDK 64-Bit Server VM (19.0.1+10-21, mixed mode, emulated-client, sharing, tiered, compressed oops, compressed class ptrs, g1 gc, windows-amd64)
# Problematic frame:
# C  0x00007ff82abe1f37
#
# No core dump will be written. Minidumps are not enabled by default on client versions of Windows
#
# If you would like to submit a bug report, please visit:
#   https://bugreport.java.com/bugreport/crash.jsp
# The crash happened outside the Java Virtual Machine in native code.
# See problematic frame for where to report the bug.
#

---------------  S U M M A R Y ------------

Command Line: -Xmx512m -XX:TieredStopAtLevel=1 -Dspring.output.ansi.enabled=always -Dcom.sun.management.jmxremote -Dspring.jmx.enabled=true -Dspring.liveBeansView.mbeanDomain -Dspring.application.admin.enabled=true -javaagent:D:\IntelliJ IDEA 2022.2.3\lib\idea_rt.jar=57157:D:\IntelliJ IDEA 2022.2.3\bin -Dfile.encoding=UTF-8 -Dsun.stdout.encoding=UTF-8 -Dsun.stderr.encoding=UTF-8 com.example.api.ApiApplication

Host: AMD Ryzen 5 5600G with Radeon Graphics         , 12 cores, 13G,  Windows 10 , 64 bit Build 19041 (10.0.19041.2364)
Time: Thu Nov 16 08:09:54 2023 Hora estándar de Argentina elapsed time: 12.825741 seconds (0d 0h 0m 12s)

---------------  T H R E A D  ---------------

Current thread (0x00000170cb1cd740):  JavaThread "Catalina-utility-2" [_thread_in_native, id=45108, stack(0x00000056a5d00000,0x00000056a5e00000)]

Stack: [0x00000056a5d00000,0x00000056a5e00000],  sp=0x00000056a5dfd248,  free space=1012k
Native frames: (J=compiled Java code, j=interpreted, Vv=VM code, C=native code)
C  0x00007ff82abe1f37

Java frames: (J=compiled Java code, j=interpreted, Vv=VM code)
J 1646  java.lang.ClassLoader.defineClass0(Ljava/lang/ClassLoader;Ljava/lang/Class;Ljava/lang/String;[BIILjava/security/ProtectionDomain;ZILjava/lang/Object;)Ljava/lang/Class; java.base@19.0.1 (0 bytes) @ 0x00000170bdc17bb1 [0x00000170bdc17ac0+0x00000000000000f1]
J 1645 c1 java.lang.System$2.defineClass(Ljava/lang/ClassLoader;Ljava/lang/Class;Ljava/lang/String;[BLjava/security/ProtectionDomain;ZILjava/lang/Object;)Ljava/lang/Class; java.base@19.0.1 (21 bytes) @ 0x00000170bdc1932c [0x00000170bdc192c0+0x000000000000006c]
J 1644 c1 java.lang.invoke.MethodHandles$Lookup$ClassDefiner.defineClass(ZLjava/lang/Object;)Ljava/lang/Class; java.base@19.0.1 (97 bytes) @ 0x00000170bdc19b3c [0x00000170bdc19960+0x00000000000001dc]
J 2043 c1 java.lang.invoke.MethodHandles$Lookup.defineHiddenClass([BZ[Ljava/lang/invoke/MethodHandles$Lookup$ClassOption;)Ljava/lang/invoke/MethodHandles$Lookup; java.base@19.0.1 (69 bytes) @ 0x00000170bdcb4264 [0x00000170bdcb4100+0x0000000000000164]
J 2035 c1 java.lang.invoke.InnerClassLambdaMetafactory.generateInnerClass()Ljava/lang/Class; java.base@19.0.1 (615 bytes) @ 0x00000170bdcb5ebc [0x00000170bdcb4fc0+0x0000000000000efc]
J 2429 c1 java.lang.invoke.InnerClassLambdaMetafactory.spinInnerClass()Ljava/lang/Class; java.base@19.0.1 (118 bytes) @ 0x00000170bdd53064 [0x00000170bdd52fc0+0x00000000000000a4]
J 2428 c1 java.lang.invoke.InnerClassLambdaMetafactory.buildCallSite()Ljava/lang/invoke/CallSite; java.base@19.0.1 (150 bytes) @ 0x00000170bdd55524 [0x00000170bdd554e0+0x0000000000000044]
J 1859 c1 java.lang.invoke.LambdaMetafactory.metafactory(Ljava/lang/invoke/MethodHandles$Lookup;Ljava/lang/String;Ljava/lang/invoke/MethodType;Ljava/lang/invoke/MethodType;Ljava/lang/invoke/MethodHandle;Ljava/lang/invoke/MethodType;)Ljava/lang/invoke/CallSite; java.base@19.0.1 (71 bytes) @ 0x00000170bdc636f4 [0x00000170bdc635a0+0x0000000000000154]
J 2612 c1 java.lang.invoke.LambdaForm$DMH+0x0000000801100400.invokeStatic(Ljava/lang/Object;Ljava/lang/Object;Ljava/lang/Object;Ljava/lang/Object;Ljava/lang/Object;Ljava/lang/Object;Ljava/lang/Object;)Ljava/lang/Object; java.base@19.0.1 (31 bytes) @ 0x00000170bdd9f604 [0x00000170bdd9f5c0+0x0000000000000044]
J 1713 c1 java.lang.invoke.BootstrapMethodInvoker.invoke(Ljava/lang/Class;Ljava/lang/invoke/MethodHandle;Ljava/lang/String;Ljava/lang/Object;Ljava/lang/Object;Ljava/lang/Class;)Ljava/lang/Object; java.base@19.0.1 (974 bytes) @ 0x00000170bdc387c4 [0x00000170bdc372e0+0x00000000000014e4]
J 1712 c1 java.lang.invoke.CallSite.makeSite(Ljava/lang/invoke/MethodHandle;Ljava/lang/String;Ljava/lang/invoke/MethodType;Ljava/lang/Object;Ljava/lang/Class;)Ljava/lang/invoke/CallSite; java.base@19.0.1 (91 bytes) @ 0x00000170bdc32c64 [0x00000170bdc32c20+0x0000000000000044]
J 1711 c1 java.lang.invoke.MethodHandleNatives.linkCallSiteImpl(Ljava/lang/Class;Ljava/lang/invoke/MethodHandle;Ljava/lang/String;Ljava/lang/invoke/MethodType;Ljava/lang/Object;[Ljava/lang/Object;)Ljava/lang/invoke/MemberName; java.base@19.0.1 (44 bytes) @ 0x00000170bdc30e34 [0x00000170bdc30e00+0x0000000000000034]
J 1710 c1 java.lang.invoke.MethodHandleNatives.linkCallSite(Ljava/lang/Object;Ljava/lang/Object;Ljava/lang/Object;Ljava/lang/Object;Ljava/lang/Object;[Ljava/lang/Object;)Ljava/lang/invoke/MemberName; java.base@19.0.1 (65 bytes) @ 0x00000170bdc303ec [0x00000170bdc302e0+0x000000000000010c]
v  ~StubRoutines::call_stub 0x00000170bd6f100e
j  org.apache.catalina.webresources.Cache.backgroundProcess()V+4
j  org.apache.catalina.webresources.StandardRoot.backgroundProcess()V+4
j  org.apache.catalina.core.StandardContext.backgroundProcess()V+111
j  org.apache.catalina.core.ContainerBase$ContainerBackgroundProcessor.processChildren(Lorg/apache/catalina/Container;)V+55
j  org.apache.catalina.core.ContainerBase$ContainerBackgroundProcessor.processChildren(Lorg/apache/catalina/Container;)V+105
j  org.apache.catalina.core.ContainerBase$ContainerBackgroundProcessor.processChildren(Lorg/apache/catalina/Container;)V+105
j  org.apache.catalina.core.ContainerBase$ContainerBackgroundProcessor.run()V+5
j  java.util.concurrent.Executors$RunnableAdapter.call()Ljava/lang/Object;+4 java.base@19.0.1
j  java.util.concurrent.FutureTask.runAndReset()Z+44 java.base@19.0.1
j  java.util.concurrent.ScheduledThreadPoolExecutor$ScheduledFutureTask.run()V+35 java.base@19.0.1
j  java.util.concurrent.ThreadPoolExecutor.runWorker(Ljava/util/concurrent/ThreadPoolExecutor$Worker;)V+92 java.base@19.0.1
j  java.util.concurrent.ThreadPoolExecutor$Worker.run()V+5 java.base@19.0.1
j  org.apache.tomcat.util.threads.TaskThread$WrappingRunnable.run()V+4
j  java.lang.Thread.run()V+13 java.base@19.0.1
v  ~StubRoutines::call_stub 0x00000170bd6f100e

siginfo: EXCEPTION_ACCESS_VIOLATION (0xc0000005), data execution prevention violation at address 0x00007ff82abe1f37


Registers:
RAX=0x00007ff82abe1f37, RBX=0x00000170cb1cd740, RCX=0x00000170cae7e700, RDX=0x00000170cb1cda20
RSP=0x00000056a5dfd248, RBP=0x0000000000000000, RSI=0x00000170cb815b60, RDI=0x00000170cb99b4f8
R8 =0x00000170cb99b4f0, R9 =0x00000170cb99b4f8, R10=0x00007ff820e80000, R11=0x00007ff820e81b74
R12=0x0000000000000001, R13=0x00000170cae7e700, R14=0x0000000801725e90, R15=0x00000170cb99b4f0
RIP=0x00007ff82abe1f37, EFLAGS=0x0000000000010202


Register to memory mapping:

RIP=0x00007ff82abe1f37 is an unknown value
RAX=0x00007ff82abe1f37 is an unknown value
RBX=0x00000170cb1cd740 is a thread
RCX=0x00000170cae7e700 points into unknown readable memory: 0x00007ffff5508ff0 | f0 8f 50 f5 ff 7f 00 00
RDX=0x00000170cb1cda20 points into unknown readable memory: 0x00007ffff54ff9a0 | a0 f9 4f f5 ff 7f 00 00
RSP=0x00000056a5dfd248 is pointing into the stack for thread: 0x00000170cb1cd740
RBP=0x0 is NULL
RSI=0x00000170cb815b60 points into unknown readable memory: 0x00000170cb66ab00 | 00 ab 66 cb 70 01 00 00
RDI=0x00000170cb99b4f8 points into unknown readable memory: 0x00000000e25e68e0 | e0 68 5e e2 00 00 00 00
R8 =0x00000170cb99b4f0 points into unknown readable memory: 0x00000000e1173fa0 | a0 3f 17 e1 00 00 00 00
R9 =0x00000170cb99b4f8 points into unknown readable memory: 0x00000000e25e68e0 | e0 68 5e e2 00 00 00 00
R10=0x00007ff820e80000 VCRUNTIME140.dll
R11=0x00007ff820e81b74 VCRUNTIME140.dll
R12=0x0000000000000001 is an unknown value
R13=0x00000170cae7e700 points into unknown readable memory: 0x00007ffff5508ff0 | f0 8f 50 f5 ff 7f 00 00
R14=0x0000000801725e90 is a pointer to class: 
org.apache.catalina.webresources.Cache$$Lambda$1515/0x0000000801725e90 {0x0000000801725e98}
 - instance size:     2
 - klass size:        65
 - access:            final synchronized synthetic 
 - state:             linked
 - name:              'org/apache/catalina/webresources/Cache$$Lambda$1515+0x0000000801725e90'
 - super:             'java/lang/Object'
 - sub:               
 - arrays:            NULL
 - methods:           Array<T>(0x00000170c7f86458)
 - method ordering:   Array<T>(0x0000000800afd490)
 - default_methods:   Array<T>(0x0000000000000000)
 - local interfaces:  Array<T>(0x00000170c7f86438)
 - trans. interfaces: Array<T>(0x00000170c7f86438)
 - constants:         constant pool [21] {0x00000170c7f86328} for 'org/apache/catalina/webresources/Cache$$Lambda$1515+0x0000000801725e90' cache=0x00000170c7f865a0
 - class loader data:  loader data: 0x00000170c943b720 for instance a 'jdk/internal/loader/ClassLoaders$AppClassLoader'{0x00000000e031e198}
 - class annotations:       Array<T>(0x0000000000000000)
 - class type annotations:  Array<T>(0x0000000000000000)
 - field annotations:       Array<T>(0x0000000000000000)
 - field type annotations:  Array<T>(0x0000000000000000)
 - inner classes:     Array<T>(0x00000008005ebc40)
 - nest members:     Array<T>(0x00000008005ebc40)
 - permitted subclasses:     Array<T>(0x00000008005ebc40)
 - java mirror:       a 'java/lang/Class'{0x00000000e25e68e0} = 'org/apache/catalina/webresources/Cache$$Lambda$1515+0x0000000801725e90'
 - vtable length      5  (start addr: 0x0000000801726048)
 - itable length      5 (start addr: 0x0000000801726070)
 - ---- static fields (0 words):
 - ---- non-static fields (0 words):
 - non-static oop maps: 
R15=0x00000170cb99b4f0 points into unknown readable memory: 0x00000000e1173fa0 | a0 3f 17 e1 00 00 00 00


Top of Stack: (sp=0x00000056a5dfd248)
0x00000056a5dfd248:   00007ffff4f27565 00000170cb1cd740
0x00000056a5dfd258:   0000000000000000 00000170cb815b60
0x00000056a5dfd268:   00000170caef0588 00000170cae7e700
0x00000056a5dfd278:   00007ffff4c3b2a9 00000170b3fc6a90
0x00000056a5dfd288:   00000008004b9220 0000000000000001
0x00000056a5dfd298:   00000170c7f86448 00000170cb27a750
0x00000056a5dfd2a8:   00000170ca6cd0e0 00000170ca6cd118
0x00000056a5dfd2b8:   00000170ca6cd4c8 00000000000003d8
0x00000056a5dfd2c8:   00000170cb1cd740 00000170cb1cd740
0x00000056a5dfd2d8:   00000170cb27a690 00000170c98f8950
0x00000056a5dfd2e8:   00000170c98f8a50 00000170c9900938
0x00000056a5dfd2f8:   00000000000080b0 00000056a5dfd310
0x00000056a5dfd308:   00000056a5dfd370 00000170cb1cd740
0x00000056a5dfd318:   00000170cb27a690 00000170c98f8950
0x00000056a5dfd328:   00000170c98f8a50 00000170c9900938
0x00000056a5dfd338:   00000000000080b0 00000056a5dfd458 

Instructions: (pc=0x00007ff82abe1f37)
0x00007ff82abe1e37:   ?? ?? ?? ?? ?? ?? ?? ?? ?? ?? ?? ?? ?? ?? ?? ??
0x00007ff82abe1e47:   ?? ?? ?? ?? ?? ?? ?? ?? ?? ?? ?? ?? ?? ?? ?? ??
0x00007ff82abe1e57:   ?? ?? ?? ?? ?? ?? ?? ?? ?? ?? ?? ?? ?? ?? ?? ??
0x00007ff82abe1e67:   ?? ?? ?? ?? ?? ?? ?? ?? ?? ?? ?? ?? ?? ?? ?? ??
0x00007ff82abe1e77:   ?? ?? ?? ?? ?? ?? ?? ?? ?? ?? ?? ?? ?? ?? ?? ??
0x00007ff82abe1e87:   ?? ?? ?? ?? ?? ?? ?? ?? ?? ?? ?? ?? ?? ?? ?? ??
0x00007ff82abe1e97:   ?? ?? ?? ?? ?? ?? ?? ?? ?? ?? ?? ?? ?? ?? ?? ??
0x00007ff82abe1ea7:   ?? ?? ?? ?? ?? ?? ?? ?? ?? ?? ?? ?? ?? ?? ?? ??
0x00007ff82abe1eb7:   ?? ?? ?? ?? ?? ?? ?? ?? ?? ?? ?? ?? ?? ?? ?? ??
0x00007ff82abe1ec7:   ?? ?? ?? ?? ?? ?? ?? ?? ?? ?? ?? ?? ?? ?? ?? ??
0x00007ff82abe1ed7:   ?? ?? ?? ?? ?? ?? ?? ?? ?? ?? ?? ?? ?? ?? ?? ??
0x00007ff82abe1ee7:   ?? ?? ?? ?? ?? ?? ?? ?? ?? ?? ?? ?? ?? ?? ?? ??
0x00007ff82abe1ef7:   ?? ?? ?? ?? ?? ?? ?? ?? ?? ?? ?? ?? ?? ?? ?? ??
0x00007ff82abe1f07:   ?? ?? ?? ?? ?? ?? ?? ?? ?? ?? ?? ?? ?? ?? ?? ??
0x00007ff82abe1f17:   ?? ?? ?? ?? ?? ?? ?? ?? ?? ?? ?? ?? ?? ?? ?? ??
0x00007ff82abe1f27:   ?? ?? ?? ?? ?? ?? ?? ?? ?? ?? ?? ?? ?? ?? ?? ??
0x00007ff82abe1f37:   ?? ?? ?? ?? ?? ?? ?? ?? ?? ?? ?? ?? ?? ?? ?? ??
0x00007ff82abe1f47:   ?? ?? ?? ?? ?? ?? ?? ?? ?? ?? ?? ?? ?? ?? ?? ??
0x00007ff82abe1f57:   ?? ?? ?? ?? ?? ?? ?? ?? ?? ?? ?? ?? ?? ?? ?? ??
0x00007ff82abe1f67:   ?? ?? ?? ?? ?? ?? ?? ?? ?? ?? ?? ?? ?? ?? ?? ??
0x00007ff82abe1f77:   ?? ?? ?? ?? ?? ?? ?? ?? ?? ?? ?? ?? ?? ?? ?? ??
0x00007ff82abe1f87:   ?? ?? ?? ?? ?? ?? ?? ?? ?? ?? ?? ?? ?? ?? ?? ??
0x00007ff82abe1f97:   ?? ?? ?? ?? ?? ?? ?? ?? ?? ?? ?? ?? ?? ?? ?? ??
0x00007ff82abe1fa7:   ?? ?? ?? ?? ?? ?? ?? ?? ?? ?? ?? ?? ?? ?? ?? ??
0x00007ff82abe1fb7:   ?? ?? ?? ?? ?? ?? ?? ?? ?? ?? ?? ?? ?? ?? ?? ??
0x00007ff82abe1fc7:   ?? ?? ?? ?? ?? ?? ?? ?? ?? ?? ?? ?? ?? ?? ?? ??
0x00007ff82abe1fd7:   ?? ?? ?? ?? ?? ?? ?? ?? ?? ?? ?? ?? ?? ?? ?? ??
0x00007ff82abe1fe7:   ?? ?? ?? ?? ?? ?? ?? ?? ?? ?? ?? ?? ?? ?? ?? ??
0x00007ff82abe1ff7:   ?? ?? ?? ?? ?? ?? ?? ?? ?? ?? ?? ?? ?? ?? ?? ??
0x00007ff82abe2007:   ?? ?? ?? ?? ?? ?? ?? ?? ?? ?? ?? ?? ?? ?? ?? ??
0x00007ff82abe2017:   ?? ?? ?? ?? ?? ?? ?? ?? ?? ?? ?? ?? ?? ?? ?? ??
0x00007ff82abe2027:   ?? ?? ?? ?? ?? ?? ?? ?? ?? ?? ?? ?? ?? ?? ?? ?? 


Stack slot to memory mapping:
stack at sp + 0 slots: 0x00007ffff4f27565 jvm.dll
stack at sp + 1 slots: 0x00000170cb1cd740 is a thread
stack at sp + 2 slots: 0x0 is NULL
stack at sp + 3 slots: 0x00000170cb815b60 points into unknown readable memory: 0x00000170cb66ab00 | 00 ab 66 cb 70 01 00 00
stack at sp + 4 slots: 0x00000170caef0588 points into unknown readable memory: 0x00000170cb1cd740 | 40 d7 1c cb 70 01 00 00
stack at sp + 5 slots: 0x00000170cae7e700 points into unknown readable memory: 0x00007ffff5508ff0 | f0 8f 50 f5 ff 7f 00 00
stack at sp + 6 slots: 0x00007ffff4c3b2a9 jvm.dll
stack at sp + 7 slots: 0x00000170b3fc6a90 points into unknown readable memory: 0x0000000000000000 | 00 00 00 00 00 00 00 00


Compiled method (n/a)   12850 1646     n 0       java.lang.ClassLoader::defineClass0 (native)
 total in heap  [0x00000170bdc17910,0x00000170bdc17f90] = 1664
 relocation     [0x00000170bdc17a70,0x00000170bdc17aa8] = 56
 main code      [0x00000170bdc17ac0,0x00000170bdc17f90] = 1232

[Constant Pool (empty)]

[MachCode]
[Entry Point]
  # {method} {0x0000000800432fa8} 'defineClass0' '(Ljava/lang/ClassLoader;Ljava/lang/Class;Ljava/lang/String;[BIILjava/security/ProtectionDomain;ZILjava/lang/Object;)Ljava/lang/Class;' in 'java/lang/ClassLoader'
  # parm0:    rdx:rdx   = 'java/lang/ClassLoader'
  # parm1:    r8:r8     = 'java/lang/Class'
  # parm2:    r9:r9     = 'java/lang/String'
  # parm3:    rdi:rdi   = '[B'
  # parm4:    rsi       = int
  # parm5:    rcx       = int
  # parm6:    [sp+0xb0]   = 'java/security/ProtectionDomain'  (sp of caller)
  # parm7:    [sp+0xb8]   = boolean
  # parm8:    [sp+0xc0]   = int
  # parm9:    [sp+0xc8]   = 'java/lang/Object'
  0x00000170bdc17ac0: 448b 5208 | 49bb 0000 | 0000 0800 | 0000 4d03 | d349 3bc2 | 0f84 0600 

  0x00000170bdc17ad8: ;   {runtime_call ic_miss_stub}
  0x00000170bdc17ad8: 0000 e9a1 | 9cb3 ff90 
[Verified Entry Point]
  0x00000170bdc17ae0: 8984 2400 | 90ff ff55 | 488b ec48 | 81ec a000 | 0000 4881 | 7d28 0000 | 0000 488d | 4528 480f 
  0x00000170bdc17b00: 4445 2848 | 8944 2458 | 4863 4520 | 4889 4424 | 5048 6345 | 1848 8944 | 2448 4881 | 7d10 0000 
  0x00000170bdc17b20: 0000 488d | 4510 480f | 4445 1048 | 8944 2440 | 4889 4c24 | 3848 8974 | 2430 4889 | 7c24 7848 
  0x00000170bdc17b40: 83ff 0048 | 8d44 2478 | 480f 4444 | 2478 4889 | 4424 284c | 894c 2470 | 4983 f900 | 488d 4424 
  0x00000170bdc17b60: 7048 0f44 | 4424 7048 | 8944 2420 | 4c89 4424 | 6849 83f8 | 004c 8d4c | 2468 4c0f | 444c 2468 
  0x00000170bdc17b80: 4889 5424 | 6048 83fa | 004c 8d44 | 2460 4c0f | 4444 2460 

  0x00000170bdc17b94: ;   {oop(a 'java/lang/Class'{0x00000000e0318cd8} = 'java/lang/ClassLoader')}
  0x00000170bdc17b94: 49be d88c | 31e0 0000 | 0000 4c89 | b424 9000 | 0000 4c8d | b424 9000 | 0000 498b | d6c5 f877 
  0x00000170bdc17bb4: ;   {internal_word}
  0x00000170bdc17bb4: 49ba b17b | c1bd 7001 | 0000 4d89 | 97c8 0200 | 0049 89a7 | c002 0000 

  0x00000170bdc17bcc: ;   {external_word}
  0x00000170bdc17bcc: 49ba c984 | 57f5 ff7f | 0000 4180 | 3a00 0f84 | 5000 0000 | 5241 5041 

  0x00000170bdc17be4: ;   {metadata({method} {0x0000000800432fa8} 'defineClass0' '(Ljava/lang/ClassLoader;Ljava/lang/Class;Ljava/lang/String;[BIILjava/security/ProtectionDomain;ZILjava/lang/Object;)Ljava/lang/Class;' in 'java/lang/ClassLoader')}
  0x00000170bdc17be4: 5148 baa0 | 2f43 0008 | 0000 0049 | 8bcf 4883 | ec20 40f6 | c40f 0f84 | 1a00 0000 | 4883 ec08 
  0x00000170bdc17c04: ;   {runtime_call}
  0x00000170bdc17c04: 49ba 902b | 0ff5 ff7f | 0000 41ff | d248 83c4 | 08e9 0d00 

  0x00000170bdc17c18: ;   {runtime_call}
  0x00000170bdc17c18: 0000 49ba | 902b 0ff5 | ff7f 0000 | 41ff d248 | 83c4 2041 | 5941 585a | 498d 8fe0 | 0200 0041 
  0x00000170bdc17c38: c787 7403 | 0000 0400 

  0x00000170bdc17c40: ;   {runtime_call}
  0x00000170bdc17c40: 0000 49ba | 1c15 2205 | f87f 0000 | 41ff d2c5 | f877 41c7 | 8774 0300 | 0005 0000 | 00f0 8344 
  0x00000170bdc17c60: 24c0 0049 | 3baf 7803 | 0000 0f87 | 1100 0000 | 4181 bf70 | 0300 0000 | 0000 000f | 842c 0000 
  0x00000170bdc17c80: 00c5 f877 | 4889 45f8 | 498b cf4c | 8be4 4883 | ec20 4883 

  0x00000170bdc17c94: ;   {runtime_call}
  0x00000170bdc17c94: e4f0 49ba | a018 1af5 | ff7f 0000 | 41ff d249 | 8be4 4d33 | e448 8b45 | f841 c787 | 7403 0000 
  0x00000170bdc17cb4: 0800 0000 | 4181 bfe8 | 0300 0002 | 0000 000f | 8499 0200 

  0x00000170bdc17cc8: ;   {external_word}
  0x00000170bdc17cc8: 0049 bac9 | 8457 f5ff | 7f00 0041 | 803a 000f | 844e 0000 | 0048 8945 

  0x00000170bdc17ce0: ;   {metadata({method} {0x0000000800432fa8} 'defineClass0' '(Ljava/lang/ClassLoader;Ljava/lang/Class;Ljava/lang/String;[BIILjava/security/ProtectionDomain;ZILjava/lang/Object;)Ljava/lang/Class;' in 'java/lang/ClassLoader')}
  0x00000170bdc17ce0: f848 baa0 | 2f43 0008 | 0000 0049 | 8bcf 4883 | ec20 40f6 | c40f 0f84 | 1a00 0000 | 4883 ec08 
  0x00000170bdc17d00: ;   {runtime_call}
  0x00000170bdc17d00: 49ba 902b | 0ff5 ff7f | 0000 41ff | d248 83c4 | 08e9 0d00 

  0x00000170bdc17d14: ;   {runtime_call}
  0x00000170bdc17d14: 0000 49ba | 902b 0ff5 | ff7f 0000 | 41ff d248 | 83c4 2048 | 8b45 f849 | c787 c002 | 0000 0000 
  0x00000170bdc17d34: 0000 49c7 | 87c8 0200 | 0000 0000 | 00c5 f877 | 4885 c00f | 84ef 0100 | 00a8 010f | 84e4 0100 
  0x00000170bdc17d54: 0048 8b40 | ff41 807f | 4000 0f84 | d001 0000 | 4883 f800 | 0f84 c601 | 0000 498b | 4f28 4883 
  0x00000170bdc17d74: f900 0f84 | 1400 0000 | 4883 e908 | 4989 4f28 | 4903 4f38 | 4889 01e9 | a401 0000 | 4881 ecd0 
  0x00000170bdc17d94: 0000 0048 | 8904 2448 | 894c 2408 | 4889 5424 | 1048 8974 | 2418 4889 | 7c24 204c | 8944 2428 
  0x00000170bdc17db4: 4c89 4c24 | 304c 8954 | 2438 4c89 | 5c24 40c5 | fb11 4424 | 50c5 fb11 | 4c24 58c5 | fb11 5424 
  0x00000170bdc17dd4: 60c5 fb11 | 5c24 68c5 | fb11 6424 | 70c5 fb11 | 6c24 78c5 | fb11 b424 | 8000 0000 | c5fb 11bc 
  0x00000170bdc17df4: 2488 0000 | 00c5 7b11 | 8424 9000 | 0000 c57b | 118c 2498 | 0000 00c5 | 7b11 9424 | a000 0000 
  0x00000170bdc17e14: c57b 119c | 24a8 0000 | 00c5 7b11 | a424 b000 | 0000 c57b | 11ac 24b8 | 0000 00c5 | 7b11 b424 
  0x00000170bdc17e34: c000 0000 | c57b 11bc | 24c8 0000 | 0049 8bd7 | 488b c848 | 83ec 2040 | f6c4 0f0f | 841a 0000 
  0x00000170bdc17e54: 0048 83ec 

  0x00000170bdc17e58: ;   {runtime_call}
  0x00000170bdc17e58: 0849 bab0 | 1bcc f4ff | 7f00 0041 | ffd2 4883 | c408 e90d 

  0x00000170bdc17e6c: ;   {runtime_call}
  0x00000170bdc17e6c: 0000 0049 | bab0 1bcc | f4ff 7f00 | 0041 ffd2 | 4883 c420 | c57b 10bc | 24c8 0000 | 00c5 7b10 
  0x00000170bdc17e8c: b424 c000 | 0000 c57b | 10ac 24b8 | 0000 00c5 | 7b10 a424 | b000 0000 | c57b 109c | 24a8 0000 
  0x00000170bdc17eac: 00c5 7b10 | 9424 a000 | 0000 c57b | 108c 2498 | 0000 00c5 | 7b10 8424 | 9000 0000 | c5fb 10bc 
  0x00000170bdc17ecc: 2488 0000 | 00c5 fb10 | b424 8000 | 0000 c5fb | 106c 2478 | c5fb 1064 | 2470 c5fb | 105c 2468 
  0x00000170bdc17eec: c5fb 1054 | 2460 c5fb | 104c 2458 | c5fb 1044 | 2450 4c8b | 5c24 404c | 8b54 2438 | 4c8b 4c24 
  0x00000170bdc17f0c: 304c 8b44 | 2428 488b | 7c24 2048 | 8b74 2418 | 488b 5424 | 1048 8b4c | 2408 488b | 0424 4881 
  0x00000170bdc17f2c: c4d0 0000 | 00c5 f877 | e903 0000 | 0048 8b00 | 498b 8f50 | 0300 00c7 | 8100 0100 | 0000 0000 
  0x00000170bdc17f4c: 00c9 4981 | 7f08 0000 | 0000 0f85 | 0100 0000 

  0x00000170bdc17f5c: ;   {runtime_call StubRoutines (1)}
  0x00000170bdc17f5c: c3e9 9e8f | adff c5f8 | 7748 8945 | f84c 8be4 | 4883 ec20 | 4883 e4f0 

  0x00000170bdc17f74: ;   {runtime_call}
  0x00000170bdc17f74: 49ba d05f | 0ff5 ff7f | 0000 41ff | d249 8be4 | 4d33 e448 | 8b45 f8e9 | 39fd ffff 
[/MachCode]


Compiled method (c1)   12855 1645       1       java.lang.System$2::defineClass (21 bytes)
 total in heap  [0x00000170bdc19110,0x00000170bdc19468] = 856
 relocation     [0x00000170bdc19270,0x00000170bdc192a8] = 56
 main code      [0x00000170bdc192c0,0x00000170bdc193a0] = 224
 stub code      [0x00000170bdc193a0,0x00000170bdc193e8] = 72
 metadata       [0x00000170bdc193e8,0x00000170bdc193f0] = 8
 scopes data    [0x00000170bdc193f0,0x00000170bdc19410] = 32
 scopes pcs     [0x00000170bdc19410,0x00000170bdc19450] = 64
 dependencies   [0x00000170bdc19450,0x00000170bdc19458] = 8
 nul chk table  [0x00000170bdc19458,0x00000170bdc19468] = 16

[Constant Pool (empty)]

[MachCode]
[Entry Point]
  # {method} {0x0000000800011788} 'defineClass' '(Ljava/lang/ClassLoader;Ljava/lang/Class;Ljava/lang/String;[BLjava/security/ProtectionDomain;ZILjava/lang/Object;)Ljava/lang/Class;' in 'java/lang/System$2'
  # this:     rdx:rdx   = 'java/lang/System$2'
  # parm0:    r8:r8     = 'java/lang/ClassLoader'
  # parm1:    r9:r9     = 'java/lang/Class'
  # parm2:    rdi:rdi   = 'java/lang/String'
  # parm3:    rsi:rsi   = '[B'
  # parm4:    rcx:rcx   = 'java/security/ProtectionDomain'
  # parm5:    [sp+0x70]   = boolean  (sp of caller)
  # parm6:    [sp+0x78]   = int
  # parm7:    [sp+0x80]   = 'java/lang/Object'
  0x00000170bdc192c0: 448b 5208 | 49bb 0000 | 0000 0800 | 0000 4d03 | d34c 3bd0 

  0x00000170bdc192d4: ;   {runtime_call ic_miss_stub}
  0x00000170bdc192d4: 0f85 a684 | b3ff 660f | 1f44 0000 
[Verified Entry Point]
  0x00000170bdc192e0: 8984 2400 | 90ff ff55 | 4883 ec60 | 488b d94c | 8bac 2480 | 0000 0044 | 8b5c 2478 | 8b44 2470 
  0x00000170bdc19300: ; implicit exception: dispatches to 0x00000170bdc1933f
  0x00000170bdc19300: 8b4e 0c49 | 8bd0 4d8b | c14c 8bcf | 488b febe | 0000 0000 | 4889 1c24 | 8944 2408 | 4489 5c24 
  0x00000170bdc19320: 104c 896c 

  0x00000170bdc19324: ;   {static_call}
  0x00000170bdc19324: 2418 90e8 

  0x00000170bdc19328: ; ImmutableOopMap {}
                      ;*invokestatic defineClass0 {reexecute=0 rethrow=0 return_oop=0}
                      ; - java.lang.System$2::defineClass@17 (line 2371)
  0x00000170bdc19328: b4e7 ffff | 4883 c460 

  0x00000170bdc19330: ;   {poll_return}
  0x00000170bdc19330: 5d49 3ba7 | 7803 0000 | 0f87 0600 

  0x00000170bdc1933c: ;   {runtime_call throw_null_pointer_exception Runtime1 stub}
  0x00000170bdc1933c: 0000 c3e8 

  0x00000170bdc19340: ; ImmutableOopMap {r8=Oop r9=Oop rdi=Oop rsi=Oop rbx=Oop r13=Oop [128]=Oop }
                      ;*arraylength {reexecute=0 rethrow=0 return_oop=0}
                      ; - java.lang.System$2::defineClass@8 (line 2371)
  0x00000170bdc19340: dcda bdff 

  0x00000170bdc19344: ;   {internal_word}
  0x00000170bdc19344: 49ba 3193 | c1bd 7001 | 0000 4d89 | 9790 0300 

  0x00000170bdc19354: ;   {runtime_call SafepointBlob}
  0x00000170bdc19354: 00e9 a6ea | b3ff 498b | 8720 0400 | 0049 c787 | 2004 0000 | 0000 0000 | 49c7 8728 | 0400 0000 
  0x00000170bdc19374: 0000 0048 | 83c4 605d 

  0x00000170bdc1937c: ;   {runtime_call unwind_exception Runtime1 stub}
  0x00000170bdc1937c: e97f cbbd | fff4 f4f4 | f4f4 f4f4 | f4f4 f4f4 | f4f4 f4f4 | f4f4 f4f4 | f4f4 f4f4 | f4f4 f4f4 
  0x00000170bdc1939c: f4f4 f4f4 
[Stub Code]
  0x00000170bdc193a0: ;   {no_reloc}
  0x00000170bdc193a0: 0f1f 4400 

  0x00000170bdc193a4: ;   {static_stub}
  0x00000170bdc193a4: 0048 bb00 | 0000 0000 

  0x00000170bdc193ac: ;   {runtime_call}
  0x00000170bdc193ac: 0000 00e9 | fbff ffff 
[Exception Handler]
  0x00000170bdc193b4: ;   {runtime_call handle_exception_from_callee Runtime1 stub}
  0x00000170bdc193b4: e847 f8bd 

  0x00000170bdc193b8: ;   {external_word}
  0x00000170bdc193b8: ff48 b928 | 4930 f5ff | 7f00 0048 

  0x00000170bdc193c4: ;   {runtime_call}
  0x00000170bdc193c4: 83e4 f049 | ba00 fefb | f4ff 7f00 | 0041 ffd2 

  0x00000170bdc193d4: ;   {section_word}
  0x00000170bdc193d4: f449 bad5 | 93c1 bd70 | 0100 0041 

  0x00000170bdc193e0: ;   {runtime_call DeoptimizationBlob}
  0x00000170bdc193e0: 52e9 badc | b3ff f4f4 
[/MachCode]


Compiled method (c1)   12857 1644       1       java.lang.invoke.MethodHandles$Lookup$ClassDefiner::defineClass (97 bytes)
 total in heap  [0x00000170bdc19790,0x00000170bdc19df8] = 1640
 relocation     [0x00000170bdc198f0,0x00000170bdc19950] = 96
 main code      [0x00000170bdc19960,0x00000170bdc19c00] = 672
 stub code      [0x00000170bdc19c00,0x00000170bdc19c58] = 88
 metadata       [0x00000170bdc19c58,0x00000170bdc19c98] = 64
 scopes data    [0x00000170bdc19c98,0x00000170bdc19d08] = 112
 scopes pcs     [0x00000170bdc19d08,0x00000170bdc19db8] = 176
 dependencies   [0x00000170bdc19db8,0x00000170bdc19dc8] = 16
 nul chk table  [0x00000170bdc19dc8,0x00000170bdc19df8] = 48

[Constant Pool (empty)]

[MachCode]
[Entry Point]
  # {method} {0x000000080020f398} 'defineClass' '(ZLjava/lang/Object;)Ljava/lang/Class;' in 'java/lang/invoke/MethodHandles$Lookup$ClassDefiner'
  # this:     rdx:rdx   = 'java/lang/invoke/MethodHandles$Lookup$ClassDefiner'
  # parm0:    r8        = boolean
  # parm1:    r9:r9     = 'java/lang/Object'
  #           [sp+0xe0]  (sp of caller)
  0x00000170bdc19960: 448b 5208 | 49bb 0000 | 0000 0800 | 0000 4d03 | d34c 3bd0 

  0x00000170bdc19974: ;   {runtime_call ic_miss_stub}
  0x00000170bdc19974: 0f85 067e | b3ff 660f | 1f44 0000 
[Verified Entry Point]
  0x00000170bdc19980: 8984 2400 | 90ff ff55 | 4881 ecd0 | 0000 0048 | 8994 2498 | 0000 0044 | 8984 24b0 | 0000 004c 
  0x00000170bdc199a0: 898c 24b8 | 0000 008b | 7210 4889 | b424 9000 | 0000 8b7e | 1048 89bc | 24a8 0000 | 008b 5f34 
  0x00000170bdc199c0: 4883 fb00 | 0f85 0a00 

  0x00000170bdc199c8: ;   {oop(NULL)}
  0x00000170bdc199c8: 0000 48bb | 0000 0000 | 0000 0000 | 4883 fb00 | 0f84 ab00 | 0000 8b46 | 1848 83f8 | 0048 899c 
  0x00000170bdc199e8: 24a0 0000 | 000f 85a8 

  0x00000170bdc199f0: ;   {oop(a 'java/lang/Class'{0x00000000e05b6e98} = 'jdk/internal/access/SharedSecrets')}
  0x00000170bdc199f0: 0000 0048 | b898 6e5b | e000 0000 | 008b 407c | 8b4e 1048 | 83f8 000f | 842a 0000 

  0x00000170bdc19a0c: ;   {metadata('java/lang/System$2')}
  0x00000170bdc19a0c: 0048 be58 | 0501 0008 | 0000 0044 | 8b70 0849 | ba00 0000 | 0008 0000 | 004d 03f2 | 493b 7638 
  0x00000170bdc19a2c: 0f85 2a01 | 0000 e900 | 0000 004c | 8bd8 483b | 0048 3b01 | 488b d10f 

  0x00000170bdc19a44: ;   {optimized virtual_call}
  0x00000170bdc19a44: 1f40 00e8 

  0x00000170bdc19a48: ; ImmutableOopMap {[144]=Oop [152]=Oop [160]=Oop [168]=Oop [184]=Oop }
                      ;*invokevirtual protectionDomain {reexecute=0 rethrow=0 return_oop=0}
                      ; - java.lang.System$2::protectionDomain@1 (line 2486)
                      ; - java.lang.invoke.MethodHandles$Lookup::lookupClassProtectionDomain@17 (line 2467)
                      ; - java.lang.invoke.MethodHandles$Lookup$ClassDefiner::defineClass@23 (line 2447)
  0x00000170bdc19a48: 7498 1a00 | 450f be47 | 4041 83f8 | 0048 8bb4 | 2490 0000 | 000f 8508 | 0100 004c | 8bd0 4489 
  0x00000170bdc19a68: 5618 f083 | 4424 c000 | 4c8b c64c | 33c0 49c1 | e814 4983 | f800 0f85 | 0301 0000 | e912 0000 
  0x00000170bdc19a88: 0048 899c | 24a0 0000 

  0x00000170bdc19a90: ;   {oop(NULL)}
  0x00000170bdc19a90: 0048 b800 | 0000 0000 | 0000 0048 | 8b9c 24a0 | 0000 0048 | 8bbc 24a8 | 0000 0048 | 8b94 2498 
  0x00000170bdc19ab0: ;   {oop(a 'java/lang/Class'{0x00000000e05b6e98} = 'jdk/internal/access/SharedSecrets')}
  0x00000170bdc19ab0: 0000 0049 | b898 6e5b | e000 0000 | 0045 8b70 | 7c8b 7214 | 8b4a 1844 | 8b4a 0c49 | 83fe 000f 
  0x00000170bdc19ad0: 842a 0000 

  0x00000170bdc19ad4: ;   {metadata('java/lang/System$2')}
  0x00000170bdc19ad4: 0049 bb58 | 0501 0008 | 0000 0045 | 8b6e 0849 | ba00 0000 | 0008 0000 | 004d 03ea | 4d3b 5d38 
  0x00000170bdc19af4: 0f85 a500 | 0000 e900 | 0000 004d | 8bc6 493b | 064c 8bc3 | 498b d14c | 8bcf 488b | fe48 8bf1 
  0x00000170bdc19b14: 488b c88b | 8424 b000 | 0000 8904 | 2489 5424 | 0848 8b94 | 24b8 0000 | 0048 8954 | 2410 498b 
  0x00000170bdc19b34: ;   {optimized virtual_call}
  0x00000170bdc19b34: d666 90e8 

  0x00000170bdc19b38: ; ImmutableOopMap {[152]=Oop [168]=Oop }
                      ;*invokeinterface defineClass {reexecute=0 rethrow=0 return_oop=0}
                      ; - java.lang.invoke.MethodHandles$Lookup$ClassDefiner::defineClass@54 (line 2449)
  0x00000170bdc19b38: a4f7 ffff | 4881 c4d0 | 0000 005d 

  0x00000170bdc19b44: ;   {poll_return}
  0x00000170bdc19b44: 493b a778 | 0300 000f | 8758 0000 

  0x00000170bdc19b50: ;   {runtime_call throw_null_pointer_exception Runtime1 stub}
  0x00000170bdc19b50: 00c3 e8c9 

  0x00000170bdc19b54: ; ImmutableOopMap {rdx=Oop r9=Oop rsi=Oop [144]=Oop [152]=Oop [184]=Oop }
                      ;*invokevirtual lookupClass {reexecute=0 rethrow=0 return_oop=0}
                      ; - java.lang.invoke.MethodHandles$Lookup$ClassDefiner::defineClass@4 (line 2445)
                      ;   {runtime_call throw_null_pointer_exception Runtime1 stub}
  0x00000170bdc19b54: d2bd ffe8 

  0x00000170bdc19b58: ; ImmutableOopMap {rdx=Oop r9=Oop rsi=Oop rdi=Oop [144]=Oop [152]=Oop [168]=Oop [184]=Oop }
                      ;*invokevirtual getClassLoader {reexecute=0 rethrow=0 return_oop=0}
                      ; - java.lang.invoke.MethodHandles$Lookup$ClassDefiner::defineClass@9 (line 2446)
  0x00000170bdc19b58: c4d2 bdff 

  0x00000170bdc19b5c: ;   {runtime_call throw_incompatible_class_change_error Runtime1 stub}
  0x00000170bdc19b5c: e8bf fcbd 

  0x00000170bdc19b60: ; ImmutableOopMap {rax=Oop rcx=Oop [144]=Oop [152]=Oop [160]=Oop [168]=Oop [184]=Oop }
                      ;*invokeinterface protectionDomain {reexecute=0 rethrow=0 return_oop=0}
                      ; - java.lang.invoke.MethodHandles$Lookup::lookupClassProtectionDomain@17 (line 2467)
                      ; - java.lang.invoke.MethodHandles$Lookup$ClassDefiner::defineClass@23 (line 2447)
                      ;   {runtime_call throw_null_pointer_exception Runtime1 stub}
  0x00000170bdc19b60: ffe8 bad2 

  0x00000170bdc19b64: ; ImmutableOopMap {rcx=Oop [144]=Oop [152]=Oop [160]=Oop [168]=Oop [184]=Oop }
                      ;*invokeinterface protectionDomain {reexecute=0 rethrow=0 return_oop=0}
                      ; - java.lang.invoke.MethodHandles$Lookup::lookupClassProtectionDomain@17 (line 2467)
                      ; - java.lang.invoke.MethodHandles$Lookup$ClassDefiner::defineClass@23 (line 2447)
                      ;   {runtime_call throw_null_pointer_exception Runtime1 stub}
  0x00000170bdc19b64: bdff e8b5 

  0x00000170bdc19b68: ; ImmutableOopMap {rcx=Oop [144]=Oop [152]=Oop [160]=Oop [168]=Oop [184]=Oop }
                      ;*invokevirtual protectionDomain {reexecute=0 rethrow=0 return_oop=0}
                      ; - java.lang.System$2::protectionDomain@1 (line 2486)
                      ; - java.lang.invoke.MethodHandles$Lookup::lookupClassProtectionDomain@17 (line 2467)
                      ; - java.lang.invoke.MethodHandles$Lookup$ClassDefiner::defineClass@23 (line 2447)
  0x00000170bdc19b68: d2bd ff44 | 8b46 1849 | 83f8 000f | 84ea feff | ff4c 8904 

  0x00000170bdc19b7c: ;   {runtime_call g1_pre_barrier_slow}
  0x00000170bdc19b7c: 24e8 7e38 | beff e9dc | feff ff48 | 83f8 000f | 84f3 feff | ff48 8934 

  0x00000170bdc19b94: ;   {runtime_call g1_post_barrier_slow}
  0x00000170bdc19b94: 24e8 663e | beff e9e5 

  0x00000170bdc19b9c: ;   {runtime_call throw_incompatible_class_change_error Runtime1 stub}
  0x00000170bdc19b9c: feff ffe8 

  0x00000170bdc19ba0: ; ImmutableOopMap {rax=Oop rdi=Oop rbx=Oop r14=Oop rsi=Oop rcx=Oop [152]=Oop [168]=Oop [184]=Oop }
                      ;*invokeinterface defineClass {reexecute=0 rethrow=0 return_oop=0}
                      ; - java.lang.invoke.MethodHandles$Lookup$ClassDefiner::defineClass@54 (line 2449)
  0x00000170bdc19ba0: 7cfc bdff 

  0x00000170bdc19ba4: ;   {runtime_call throw_null_pointer_exception Runtime1 stub}
  0x00000170bdc19ba4: e877 d2bd 

  0x00000170bdc19ba8: ; ImmutableOopMap {rax=Oop rdi=Oop rbx=Oop r14=Oop rsi=Oop rcx=Oop [152]=Oop [168]=Oop [184]=Oop }
                      ;*invokeinterface defineClass {reexecute=0 rethrow=0 return_oop=0}
                      ; - java.lang.invoke.MethodHandles$Lookup$ClassDefiner::defineClass@54 (line 2449)
                      ;   {internal_word}
  0x00000170bdc19ba8: ff49 ba44 | 9bc1 bd70 | 0100 004d | 8997 9003 

  0x00000170bdc19bb8: ;   {runtime_call SafepointBlob}
  0x00000170bdc19bb8: 0000 e941 | e2b3 ff49 | 8b87 2004 | 0000 49c7 | 8720 0400 | 0000 0000 | 0049 c787 | 2804 0000 
  0x00000170bdc19bd8: 0000 0000 | 4881 c4d0 | 0000 005d 

  0x00000170bdc19be4: ;   {runtime_call unwind_exception Runtime1 stub}
  0x00000170bdc19be4: e917 c3bd | fff4 f4f4 | f4f4 f4f4 | f4f4 f4f4 | f4f4 f4f4 | f4f4 f4f4 | f4f4 f4f4 
[Stub Code]
  0x00000170bdc19c00: ;   {no_reloc}
  0x00000170bdc19c00: 0f1f 4400 

  0x00000170bdc19c04: ;   {static_stub}
  0x00000170bdc19c04: 0048 bb78 | b201 0008 

  0x00000170bdc19c0c: ;   {runtime_call I2C/C2I adapters}
  0x00000170bdc19c0c: 0000 00e9 | 4572 b3ff 

  0x00000170bdc19c14: ;   {static_stub}
  0x00000170bdc19c14: 9048 bb00 | 0000 0000 

  0x00000170bdc19c1c: ;   {runtime_call}
  0x00000170bdc19c1c: 0000 00e9 | fbff ffff 
[Exception Handler]
  0x00000170bdc19c24: ;   {runtime_call handle_exception_from_callee Runtime1 stub}
  0x00000170bdc19c24: e8d7 efbd 

  0x00000170bdc19c28: ;   {external_word}
  0x00000170bdc19c28: ff48 b928 | 4930 f5ff | 7f00 0048 

  0x00000170bdc19c34: ;   {runtime_call}
  0x00000170bdc19c34: 83e4 f049 | ba00 fefb | f4ff 7f00 | 0041 ffd2 

  0x00000170bdc19c44: ;   {section_word}
  0x00000170bdc19c44: f449 ba45 | 9cc1 bd70 | 0100 0041 

  0x00000170bdc19c50: ;   {runtime_call DeoptimizationBlob}
  0x00000170bdc19c50: 52e9 4ad4 | b3ff f4f4 
[/MachCode]


---------------  P R O C E S S  ---------------

Threads class SMR info:
_java_thread_list=0x00000170cb77b800, length=47, elements={
0x00000170c5180c00, 0x00000170c5183900, 0x00000170c5187a00, 0x00000170c5189010,
0x00000170c518aa90, 0x00000170c5190c70, 0x00000170c5196650, 0x00000170c5191c60,
0x00000170c51921b0, 0x00000170c5193c40, 0x00000170c5194190, 0x00000170c5192700,
0x00000170c5191710, 0x00000170c51931a0, 0x00000170cb1ce1e0, 0x00000170cb1d0c60,
0x00000170cb1cc750, 0x00000170cb1ce730, 0x00000170cb1cb210, 0x00000170cb1cb760,
0x00000170cb1cc200, 0x00000170cb1cfc70, 0x00000170cb1cd740, 0x00000170cb1cf1d0,
0x00000170cb1cd1f0, 0x00000170cb1cbcb0, 0x00000170cb1ccca0, 0x00000170cb1cec80,
0x00000170cb1cdc90, 0x00000170cb1cf720, 0x00000170cb1d01c0, 0x00000170cb1d11b0,
0x00000170cb1d0710, 0x00000170cb1cacc0, 0x00000170cb1d1700, 0x00000170cb1d1c50,
0x00000170cb1ca220, 0x00000170cb1ca770, 0x00000170cb728790, 0x00000170cb72f1d0,
0x00000170cb728ce0, 0x00000170cb72c200, 0x00000170cb72f720, 0x00000170cb72c750,
0x00000170cb72fc70, 0x00000170cb729230, 0x00000170cb72e730
}

Java Threads: ( => current thread )
  0x00000170c5180c00 JavaThread "Reference Handler" daemon [_thread_blocked, id=28332, stack(0x00000056a3400000,0x00000056a3500000)]
  0x00000170c5183900 JavaThread "Finalizer" daemon [_thread_blocked, id=27256, stack(0x00000056a3500000,0x00000056a3600000)]
  0x00000170c5187a00 JavaThread "Signal Dispatcher" daemon [_thread_blocked, id=2736, stack(0x00000056a3600000,0x00000056a3700000)]
  0x00000170c5189010 JavaThread "Attach Listener" daemon [_thread_blocked, id=9672, stack(0x00000056a3700000,0x00000056a3800000)]
  0x00000170c518aa90 JavaThread "Service Thread" daemon [_thread_blocked, id=35276, stack(0x00000056a3800000,0x00000056a3900000)]
  0x00000170c5190c70 JavaThread "Monitor Deflation Thread" daemon [_thread_blocked, id=52100, stack(0x00000056a3900000,0x00000056a3a00000)]
  0x00000170c5196650 JavaThread "C1 CompilerThread0" daemon [_thread_blocked, id=30328, stack(0x00000056a3a00000,0x00000056a3b00000)]
  0x00000170c5191c60 JavaThread "Sweeper thread" daemon [_thread_blocked, id=23036, stack(0x00000056a3b00000,0x00000056a3c00000)]
  0x00000170c51921b0 JavaThread "Common-Cleaner" daemon [_thread_blocked, id=9124, stack(0x00000056a3c00000,0x00000056a3d00000)]
  0x00000170c5193c40 JavaThread "Monitor Ctrl-Break" daemon [_thread_in_native, id=23784, stack(0x00000056a3f00000,0x00000056a4000000)]
  0x00000170c5194190 JavaThread "Notification Thread" daemon [_thread_blocked, id=41692, stack(0x00000056a4000000,0x00000056a4100000)]
  0x00000170c5192700 JavaThread "RMI TCP Accept-0" daemon [_thread_in_native, id=23052, stack(0x00000056a4200000,0x00000056a4300000)]
  0x00000170c5191710 JavaThread "RMI TCP Connection(1)-192.168.0.12" daemon [_thread_in_native, id=39444, stack(0x00000056a5000000,0x00000056a5100000)]
  0x00000170c51931a0 JavaThread "RMI Scheduler(0)" daemon [_thread_blocked, id=3648, stack(0x00000056a5100000,0x00000056a5200000)]
  0x00000170cb1ce1e0 JavaThread "wavefrontClientSender-0" daemon [_thread_blocked, id=48556, stack(0x00000056a5500000,0x00000056a5600000)]
  0x00000170cb1d0c60 JavaThread "sdk-metrics-registry-0" daemon [_thread_blocked, id=11804, stack(0x00000056a5600000,0x00000056a5700000)]
  0x00000170cb1cc750 JavaThread "waveferont-metrics-publisher" daemon [_thread_blocked, id=11156, stack(0x00000056a5700000,0x00000056a5800000)]
  0x00000170cb1ce730 JavaThread "micrometer-heart-beater-0" daemon [_thread_blocked, id=42340, stack(0x00000056a5800000,0x00000056a5900000)]
  0x00000170cb1cb210 JavaThread "sdk-metrics-registry-0" daemon [_thread_blocked, id=25492, stack(0x00000056a5900000,0x00000056a5a00000)]
  0x00000170cb1cb760 JavaThread "wavefront-internal-reporter-0" daemon [_thread_blocked, id=3212, stack(0x00000056a5a00000,0x00000056a5b00000)]
  0x00000170cb1cc200 JavaThread "wavefrontSpanReporter" daemon [_thread_blocked, id=26324, stack(0x00000056a5b00000,0x00000056a5c00000)]
  0x00000170cb1cfc70 JavaThread "Catalina-utility-1" [_thread_blocked, id=41532, stack(0x00000056a5c00000,0x00000056a5d00000)]
=>0x00000170cb1cd740 JavaThread "Catalina-utility-2" [_thread_in_native, id=45108, stack(0x00000056a5d00000,0x00000056a5e00000)]
  0x00000170cb1cf1d0 JavaThread "container-0" [_thread_blocked, id=51180, stack(0x00000056a5e00000,0x00000056a5f00000)]
  0x00000170cb1cd1f0 JavaThread "BufferPoolPruner-1-thread-1" daemon [_thread_blocked, id=48732, stack(0x00000056a5f00000,0x00000056a6000000)]
  0x00000170cb1cbcb0 JavaThread "cluster-ClusterId{value='6555f878335330787e1efe5f', description='null'}-localhost:27017" daemon [_thread_in_native, id=19588, stack(0x00000056a6000000,0x00000056a6100000)]
  0x00000170cb1ccca0 JavaThread "cluster-rtt-ClusterId{value='6555f878335330787e1efe5f', description='null'}-localhost:27017" daemon [_thread_blocked, id=49776, stack(0x00000056a6100000,0x00000056a6200000)]
  0x00000170cb1cec80 JavaThread "MaintenanceTimer-2-thread-1" daemon [_thread_blocked, id=21408, stack(0x00000056a6200000,0x00000056a6300000)]
  0x00000170cb1cdc90 JavaThread "Live Reload Server" daemon [_thread_in_native, id=42920, stack(0x00000056a6400000,0x00000056a6500000)]
  0x00000170cb1cf720 JavaThread "sentinel-metrics-record-task-thread-1" daemon [_thread_blocked, id=43492, stack(0x00000056a6300000,0x00000056a6400000)]
  0x00000170cb1d01c0 JavaThread "sentinel-time-tick-thread" daemon [_thread_blocked, id=14612, stack(0x00000056a6500000,0x00000056a6600000)]
  0x00000170cb1d11b0 JavaThread "File Watcher" daemon [_thread_blocked, id=25692, stack(0x00000056a6600000,0x00000056a6700000)]
  0x00000170cb1d0710 JavaThread "http-nio-8081-exec-1" daemon [_thread_blocked, id=34564, stack(0x00000056a6700000,0x00000056a6800000)]
  0x00000170cb1cacc0 JavaThread "http-nio-8081-exec-2" daemon [_thread_blocked, id=47300, stack(0x00000056a6800000,0x00000056a6900000)]
  0x00000170cb1d1700 JavaThread "http-nio-8081-exec-3" daemon [_thread_blocked, id=47380, stack(0x00000056a6900000,0x00000056a6a00000)]
  0x00000170cb1d1c50 JavaThread "http-nio-8081-exec-4" daemon [_thread_blocked, id=38684, stack(0x00000056a6a00000,0x00000056a6b00000)]
  0x00000170cb1ca220 JavaThread "http-nio-8081-exec-5" daemon [_thread_blocked, id=34048, stack(0x00000056a6b00000,0x00000056a6c00000)]
  0x00000170cb1ca770 JavaThread "http-nio-8081-exec-6" daemon [_thread_blocked, id=13096, stack(0x00000056a6c00000,0x00000056a6d00000)]
  0x00000170cb728790 JavaThread "http-nio-8081-exec-7" daemon [_thread_blocked, id=23504, stack(0x00000056a6d00000,0x00000056a6e00000)]
  0x00000170cb72f1d0 JavaThread "http-nio-8081-exec-8" daemon [_thread_blocked, id=35364, stack(0x00000056a6e00000,0x00000056a6f00000)]
  0x00000170cb728ce0 JavaThread "http-nio-8081-exec-9" daemon [_thread_blocked, id=11652, stack(0x00000056a6f00000,0x00000056a7000000)]
  0x00000170cb72c200 JavaThread "http-nio-8081-exec-10" daemon [_thread_blocked, id=11708, stack(0x00000056a7000000,0x00000056a7100000)]
  0x00000170cb72f720 JavaThread "http-nio-8081-Poller" daemon [_thread_in_native, id=18740, stack(0x00000056a7100000,0x00000056a7200000)]
  0x00000170cb72c750 JavaThread "http-nio-8081-Acceptor" daemon [_thread_in_native, id=19188, stack(0x00000056a7200000,0x00000056a7300000)]
  0x00000170cb72fc70 JavaThread "DestroyJavaVM" [_thread_blocked, id=26360, stack(0x00000056a2d00000,0x00000056a2e00000)]
  0x00000170cb729230 JavaThread "RMI TCP Connection(2)-192.168.0.12" daemon [_thread_in_native, id=50708, stack(0x00000056a4b00000,0x00000056a4c00000)]
  0x00000170cb72e730 JavaThread "RMI TCP Connection(3)-192.168.0.12" daemon [_thread_in_native, id=26296, stack(0x00000056a4a00000,0x00000056a4b00000)]

Other Threads:
  0x00000170c516b980 VMThread "VM Thread" [stack: 0x00000056a3300000,0x00000056a3400000] [id=43876]
  0x00000170b3fcb8c0 WatcherThread "VM Periodic Task Thread" [stack: 0x00000056a4300000,0x00000056a4400000] [id=10604]
  0x00000170b4000430 WorkerThread "GC Thread#0" [stack: 0x00000056a2e00000,0x00000056a2f00000] [id=5616]
  0x00000170c9d7b550 WorkerThread "GC Thread#1" [stack: 0x00000056a4400000,0x00000056a4500000] [id=43732]
  0x00000170c9dc1f20 WorkerThread "GC Thread#2" [stack: 0x00000056a4500000,0x00000056a4600000] [id=22536]
  0x00000170c9dc3870 WorkerThread "GC Thread#3" [stack: 0x00000056a4600000,0x00000056a4700000] [id=32716]
  0x00000170c9dc35a0 WorkerThread "GC Thread#4" [stack: 0x00000056a4700000,0x00000056a4800000] [id=25100]
  0x00000170c9dc4680 WorkerThread "GC Thread#5" [stack: 0x00000056a4800000,0x00000056a4900000] [id=34752]
  0x00000170c9dc3b40 WorkerThread "GC Thread#6" [stack: 0x00000056a4900000,0x00000056a4a00000] [id=42440]
  0x00000170c9dc40e0 WorkerThread "GC Thread#7" [stack: 0x00000056a4c00000,0x00000056a4d00000] [id=40468]
  0x00000170c9dc32d0 WorkerThread "GC Thread#8" [stack: 0x00000056a4d00000,0x00000056a4e00000] [id=10320]
  0x00000170c9dc3000 WorkerThread "GC Thread#9" [stack: 0x00000056a4e00000,0x00000056a4f00000] [id=17732]
  0x00000170b4005440 ConcurrentGCThread "G1 Main Marker" [stack: 0x00000056a2f00000,0x00000056a3000000] [id=37708]
  0x00000170b4005d80 WorkerThread "G1 Conc#0" [stack: 0x00000056a3000000,0x00000056a3100000] [id=34188]
  0x00000170ca721bd0 WorkerThread "G1 Conc#1" [stack: 0x00000056a5300000,0x00000056a5400000] [id=30064]
  0x00000170ca720280 WorkerThread "G1 Conc#2" [stack: 0x00000056a5400000,0x00000056a5500000] [id=34540]
  0x00000170c5029180 ConcurrentGCThread "G1 Refine#0" [stack: 0x00000056a3100000,0x00000056a3200000] [id=44172]
  0x00000170c5029970 ConcurrentGCThread "G1 Service" [stack: 0x00000056a3200000,0x00000056a3300000] [id=10176]

Threads with active compile tasks:

VM state: not at safepoint (normal execution)

VM Mutex/Monitor currently owned by a thread: None

Heap address: 0x00000000e0000000, size: 512 MB, Compressed Oops mode: 32-bit

CDS archive(s) mapped at: [0x0000000800000000-0x0000000800c30000-0x0000000800c30000), size 12779520, SharedBaseAddress: 0x0000000800000000, ArchiveRelocationMode: 0.
Compressed class space mapped at: 0x0000000801000000-0x0000000841000000, reserved size: 1073741824
Narrow klass base: 0x0000000800000000, Narrow klass shift: 0, Narrow klass range: 0x100000000

GC Precious Log:
 CardTable entry size: 512
 Card Set container configuration: InlinePtr #cards 5 size 8 Array Of Cards #cards 12 size 40 Howl #buckets 4 coarsen threshold 1843 Howl Bitmap #cards 512 size 80 coarsen threshold 460 Card regions per heap region 1 cards per card region 2048
 CPUs: 12 total, 12 available
 Memory: 14225M
 Large Page Support: Disabled
 NUMA Support: Disabled
 Compressed Oops: Enabled (32-bit)
 Heap Region Size: 1M
 Heap Min Capacity: 8M
 Heap Initial Capacity: 224M
 Heap Max Capacity: 512M
 Pre-touch: Disabled
 Parallel Workers: 10
 Concurrent Workers: 3
 Concurrent Refinement Workers: 10
 Periodic GC: Disabled

Heap:
 garbage-first heap   total 51200K, used 34545K [0x00000000e0000000, 0x0000000100000000)
  region size 1024K, 9 young (9216K), 1 survivors (1024K)
 Metaspace       used 50819K, committed 51584K, reserved 1114112K
  class space    used 6913K, committed 7296K, reserved 1048576K

Heap Regions: E=young(eden), S=young(survivor), O=old, HS=humongous(starts), HC=humongous(continues), CS=collection set, F=free, OA=open archive, CA=closed archive, TAMS=top-at-mark-start (previous, next)
|   0|0x00000000e0000000, 0x00000000e0100000, 0x00000000e0100000|100%| O|  |TAMS 0x00000000e0100000, 0x00000000e0000000| Untracked 
|   1|0x00000000e0100000, 0x00000000e0200000, 0x00000000e0200000|100%| O|  |TAMS 0x00000000e0200000, 0x00000000e0100000| Untracked 
|   2|0x00000000e0200000, 0x00000000e0300000, 0x00000000e0300000|100%| O|  |TAMS 0x00000000e0300000, 0x00000000e0200000| Untracked 
|   3|0x00000000e0300000, 0x00000000e0400000, 0x00000000e0400000|100%| O|  |TAMS 0x00000000e0400000, 0x00000000e0300000| Untracked 
|   4|0x00000000e0400000, 0x00000000e0500000, 0x00000000e0500000|100%| O|  |TAMS 0x00000000e0500000, 0x00000000e0400000| Untracked 
|   5|0x00000000e0500000, 0x00000000e0600000, 0x00000000e0600000|100%| O|  |TAMS 0x00000000e0600000, 0x00000000e0500000| Untracked 
|   6|0x00000000e0600000, 0x00000000e0700000, 0x00000000e0700000|100%| O|  |TAMS 0x00000000e0700000, 0x00000000e0600000| Untracked 
|   7|0x00000000e0700000, 0x00000000e0800000, 0x00000000e0800000|100%| O|  |TAMS 0x00000000e0800000, 0x00000000e0700000| Untracked 
|   8|0x00000000e0800000, 0x00000000e0900000, 0x00000000e0900000|100%| O|  |TAMS 0x00000000e0900000, 0x00000000e0800000| Untracked 
|   9|0x00000000e0900000, 0x00000000e0a00000, 0x00000000e0a00000|100%| O|  |TAMS 0x00000000e0a00000, 0x00000000e0900000| Untracked 
|  10|0x00000000e0a00000, 0x00000000e0a00000, 0x00000000e0b00000|  0%| F|  |TAMS 0x00000000e0a00000, 0x00000000e0a00000| Untracked 
|  11|0x00000000e0b00000, 0x00000000e0c00000, 0x00000000e0c00000|100%| O|  |TAMS 0x00000000e0c00000, 0x00000000e0b00000| Untracked 
|  12|0x00000000e0c00000, 0x00000000e0d00000, 0x00000000e0d00000|100%| O|  |TAMS 0x00000000e0d00000, 0x00000000e0c00000| Untracked 
|  13|0x00000000e0d00000, 0x00000000e0e00000, 0x00000000e0e00000|100%| O|  |TAMS 0x00000000e0e00000, 0x00000000e0d00000| Untracked 
|  14|0x00000000e0e00000, 0x00000000e0f00000, 0x00000000e0f00000|100%| O|  |TAMS 0x00000000e0f00000, 0x00000000e0e00000| Untracked 
|  15|0x00000000e0f00000, 0x00000000e1000000, 0x00000000e1000000|100%| O|  |TAMS 0x00000000e1000000, 0x00000000e0f00000| Untracked 
|  16|0x00000000e1000000, 0x00000000e1100000, 0x00000000e1100000|100%| O|  |TAMS 0x00000000e1100000, 0x00000000e1000000| Untracked 
|  17|0x00000000e1100000, 0x00000000e1200000, 0x00000000e1200000|100%| O|  |TAMS 0x00000000e1200000, 0x00000000e1100000| Untracked 
|  18|0x00000000e1200000, 0x00000000e1300000, 0x00000000e1300000|100%| O|  |TAMS 0x00000000e1300000, 0x00000000e1200000| Untracked 
|  19|0x00000000e1300000, 0x00000000e1400000, 0x00000000e1400000|100%| O|  |TAMS 0x00000000e1364800, 0x00000000e1300000| Untracked 
|  20|0x00000000e1400000, 0x00000000e1500000, 0x00000000e1500000|100%| O|  |TAMS 0x00000000e1400000, 0x00000000e1400000| Untracked 
|  21|0x00000000e1500000, 0x00000000e1600000, 0x00000000e1600000|100%| O|  |TAMS 0x00000000e1500000, 0x00000000e1500000| Untracked 
|  22|0x00000000e1600000, 0x00000000e1700000, 0x00000000e1700000|100%| O|  |TAMS 0x00000000e1600000, 0x00000000e1600000| Untracked 
|  23|0x00000000e1700000, 0x00000000e1800000, 0x00000000e1800000|100%| O|  |TAMS 0x00000000e1700000, 0x00000000e1700000| Untracked 
|  24|0x00000000e1800000, 0x00000000e187f800, 0x00000000e1900000| 49%| O|  |TAMS 0x00000000e1800000, 0x00000000e1800000| Untracked 
|  25|0x00000000e1900000, 0x00000000e1900000, 0x00000000e1a00000|  0%| F|  |TAMS 0x00000000e1900000, 0x00000000e1900000| Untracked 
|  26|0x00000000e1a00000, 0x00000000e1a00000, 0x00000000e1b00000|  0%| F|  |TAMS 0x00000000e1a00000, 0x00000000e1a00000| Untracked 
|  27|0x00000000e1b00000, 0x00000000e1b00000, 0x00000000e1c00000|  0%| F|  |TAMS 0x00000000e1b00000, 0x00000000e1b00000| Untracked 
|  28|0x00000000e1c00000, 0x00000000e1c00000, 0x00000000e1d00000|  0%| F|  |TAMS 0x00000000e1c00000, 0x00000000e1c00000| Untracked 
|  29|0x00000000e1d00000, 0x00000000e1d00000, 0x00000000e1e00000|  0%| F|  |TAMS 0x00000000e1d00000, 0x00000000e1d00000| Untracked 
|  30|0x00000000e1e00000, 0x00000000e1e00000, 0x00000000e1f00000|  0%| F|  |TAMS 0x00000000e1e00000, 0x00000000e1e00000| Untracked 
|  31|0x00000000e1f00000, 0x00000000e1f00000, 0x00000000e2000000|  0%| F|  |TAMS 0x00000000e1f00000, 0x00000000e1f00000| Untracked 
|  32|0x00000000e2000000, 0x00000000e2000000, 0x00000000e2100000|  0%| F|  |TAMS 0x00000000e2000000, 0x00000000e2000000| Untracked 
|  33|0x00000000e2100000, 0x00000000e2100000, 0x00000000e2200000|  0%| F|  |TAMS 0x00000000e2100000, 0x00000000e2100000| Untracked 
|  34|0x00000000e2200000, 0x00000000e2200000, 0x00000000e2300000|  0%| F|  |TAMS 0x00000000e2200000, 0x00000000e2200000| Untracked 
|  35|0x00000000e2300000, 0x00000000e2300000, 0x00000000e2400000|  0%| F|  |TAMS 0x00000000e2300000, 0x00000000e2300000| Untracked 
|  36|0x00000000e2400000, 0x00000000e2400000, 0x00000000e2500000|  0%| F|  |TAMS 0x00000000e2400000, 0x00000000e2400000| Untracked 
|  37|0x00000000e2500000, 0x00000000e25e7328, 0x00000000e2600000| 90%| E|  |TAMS 0x00000000e2500000, 0x00000000e2500000| Complete 
|  38|0x00000000e2600000, 0x00000000e2700000, 0x00000000e2700000|100%| E|CS|TAMS 0x00000000e2600000, 0x00000000e2600000| Complete 
|  39|0x00000000e2700000, 0x00000000e2800000, 0x00000000e2800000|100%| E|  |TAMS 0x00000000e2700000, 0x00000000e2700000| Complete 
| 200|0x00000000ec800000, 0x00000000ec900000, 0x00000000ec900000|100%| E|CS|TAMS 0x00000000ec800000, 0x00000000ec800000| Complete 
| 201|0x00000000ec900000, 0x00000000eca00000, 0x00000000eca00000|100%| E|CS|TAMS 0x00000000ec900000, 0x00000000ec900000| Complete 
| 202|0x00000000eca00000, 0x00000000ecb00000, 0x00000000ecb00000|100%| E|CS|TAMS 0x00000000eca00000, 0x00000000eca00000| Complete 
| 203|0x00000000ecb00000, 0x00000000ecc00000, 0x00000000ecc00000|100%| E|CS|TAMS 0x00000000ecb00000, 0x00000000ecb00000| Complete 
| 204|0x00000000ecc00000, 0x00000000ecc3cff0, 0x00000000ecd00000| 23%| S|CS|TAMS 0x00000000ecc00000, 0x00000000ecc00000| Complete 
| 223|0x00000000edf00000, 0x00000000ee000000, 0x00000000ee000000|100%| E|CS|TAMS 0x00000000edf00000, 0x00000000edf00000| Complete 
| 508|0x00000000ffc00000, 0x00000000ffd00000, 0x00000000ffd00000|100%| O|  |TAMS 0x00000000ffd00000, 0x00000000ffc00000| Untracked 
| 509|0x00000000ffd00000, 0x00000000ffe00000, 0x00000000ffe00000|100%| O|  |TAMS 0x00000000ffe00000, 0x00000000ffd00000| Untracked 
| 510|0x00000000ffe00000, 0x00000000fff00000, 0x00000000fff00000|100%| O|  |TAMS 0x00000000fff00000, 0x00000000ffe00000| Untracked 
| 511|0x00000000fff00000, 0x0000000100000000, 0x0000000100000000|100%| O|  |TAMS 0x0000000100000000, 0x00000000fff00000| Untracked 

Card table byte_map: [0x00000170c12f0000,0x00000170c13f0000] _byte_map_base: 0x00000170c0bf0000

Marking Bits (Prev, Next): (CMBitMap*) 0x00000170b40009b0, (CMBitMap*) 0x00000170b4000970
 Prev Bits: [0x00000170c1cf0000, 0x00000170c24f0000)
 Next Bits: [0x00000170c14f0000, 0x00000170c1cf0000)

Polling page: 0x00000170b3cd0000

Metaspace:

Usage:
  Non-class:     42.88 MB used.
      Class:      6.75 MB used.
       Both:     49.63 MB used.

Virtual space:
  Non-class space:       64.00 MB reserved,      43.25 MB ( 68%) committed,  1 nodes.
      Class space:        1.00 GB reserved,       7.12 MB ( <1%) committed,  1 nodes.
             Both:        1.06 GB reserved,      50.38 MB (  5%) committed. 

Chunk freelists:
   Non-Class:  481.00 KB
       Class:  859.00 KB
        Both:  1.31 MB

MaxMetaspaceSize: unlimited
CompressedClassSpaceSize: 1.00 GB
Initial GC threshold: 21.00 MB
Current GC threshold: 78.44 MB
CDS: on
MetaspaceReclaimPolicy: balanced
 - commit_granule_bytes: 65536.
 - commit_granule_words: 8192.
 - virtual_space_node_default_size: 8388608.
 - enlarge_chunks_in_place: 1.
 - new_chunks_are_fully_committed: 0.
 - uncommit_free_chunks: 1.
 - use_allocation_guard: 0.


Internal statistics:

num_allocs_failed_limit: 6.
num_arena_births: 1130.
num_arena_deaths: 2.
num_vsnodes_births: 2.
num_vsnodes_deaths: 0.
num_space_committed: 806.
num_space_uncommitted: 0.
num_chunks_returned_to_freelist: 9.
num_chunks_taken_from_freelist: 2830.
num_chunk_merges: 6.
num_chunk_splits: 1941.
num_chunks_enlarged: 1460.
num_inconsistent_stats: 0.

CodeCache: size=49152Kb used=10548Kb max_used=12229Kb free=38603Kb
 bounds [0x00000170bd6f0000, 0x00000170be2f0000, 0x00000170c06f0000]
 total_blobs=6385 nmethods=5727 adapters=583
 compilation: enabled
              stopped_count=0, restarted_count=0
 full_count=0

Compilation events (20 events):
Event: 4.494 Thread 0x00000170c5196650 5718       1       java.lang.Long::hashCode (8 bytes)
Event: 4.494 Thread 0x00000170c5196650 nmethod 5718 0x00000170be2e1490 code [0x00000170be2e1620, 0x00000170be2e16d8]
Event: 6.554 Thread 0x00000170c5196650 5719       1       java.nio.HeapByteBuffer::isReadOnly (2 bytes)
Event: 6.554 Thread 0x00000170c5196650 nmethod 5719 0x00000170bd945a10 code [0x00000170bd945ba0, 0x00000170bd945c78]
Event: 7.854 Thread 0x00000170c5196650 5720       1       com.alibaba.csp.sentinel.slots.statistic.base.WindowWrap::value (5 bytes)
Event: 7.854 Thread 0x00000170c5196650 nmethod 5720 0x00000170bd945710 code [0x00000170bd9458a0, 0x00000170bd945958]
Event: 8.529 Thread 0x00000170c5196650 5721       1       java.util.concurrent.locks.ReentrantLock$NonfairSync::tryAcquire (27 bytes)
Event: 8.530 Thread 0x00000170c5196650 nmethod 5721 0x00000170bd945390 code [0x00000170bd945520, 0x00000170bd945698]
Event: 9.171 Thread 0x00000170c5196650 5722       1       java.io.File::isFile (34 bytes)
Event: 9.171 Thread 0x00000170c5196650 nmethod 5722 0x00000170bd944e10 code [0x00000170bd944fe0, 0x00000170bd9451e8]
Event: 10.590 Thread 0x00000170c5196650 5723       1       org.springframework.boot.devtools.filewatch.FileSnapshot::hashCode (49 bytes)
Event: 10.590 Thread 0x00000170c5196650 nmethod 5723 0x00000170bd944990 code [0x00000170bd944b40, 0x00000170bd944cd8]
Event: 11.168 Thread 0x00000170c5196650 5724       1       com.alibaba.csp.sentinel.slots.statistic.base.WindowWrap::windowStart (5 bytes)
Event: 11.168 Thread 0x00000170c5196650 nmethod 5724 0x00000170bd944690 code [0x00000170bd944820, 0x00000170bd9448d8]
Event: 11.168 Thread 0x00000170c5196650 5725       1       java.util.concurrent.atomic.LongAdder::sum (60 bytes)
Event: 11.168 Thread 0x00000170c5196650 nmethod 5725 0x00000170bd944290 code [0x00000170bd944420, 0x00000170bd944578]
Event: 11.168 Thread 0x00000170c5196650 5726       1       com.alibaba.csp.sentinel.slots.statistic.data.MetricBucket::get (13 bytes)
Event: 11.168 Thread 0x00000170c5196650 nmethod 5726 0x00000170bd943e90 code [0x00000170bd944040, 0x00000170bd944148]
Event: 12.663 Thread 0x00000170c5196650 5727       1       java.util.concurrent.ThreadPoolExecutor::runStateAtLeast (11 bytes)
Event: 12.663 Thread 0x00000170c5196650 nmethod 5727 0x00000170bd943b90 code [0x00000170bd943d20, 0x00000170bd943dd8]

GC Heap History (20 events):
Event: 2.430 GC heap before
{Heap before GC invocations=8 (full 0):
 garbage-first heap   total 51200K, used 36700K [0x00000000e0000000, 0x0000000100000000)
  region size 1024K, 23 young (23552K), 3 survivors (3072K)
 Metaspace       used 33883K, committed 34496K, reserved 1114112K
  class space    used 4387K, committed 4672K, reserved 1048576K
}
Event: 2.432 GC heap after
{Heap after GC invocations=9 (full 0):
 garbage-first heap   total 51200K, used 19053K [0x00000000e0000000, 0x0000000100000000)
  region size 1024K, 2 young (2048K), 2 survivors (2048K)
 Metaspace       used 33883K, committed 34496K, reserved 1114112K
  class space    used 4387K, committed 4672K, reserved 1048576K
}
Event: 2.532 GC heap before
{Heap before GC invocations=9 (full 0):
 garbage-first heap   total 51200K, used 30317K [0x00000000e0000000, 0x0000000100000000)
  region size 1024K, 14 young (14336K), 2 survivors (2048K)
 Metaspace       used 35472K, committed 35968K, reserved 1114112K
  class space    used 4616K, committed 4864K, reserved 1048576K
}
Event: 2.534 GC heap after
{Heap after GC invocations=10 (full 0):
 garbage-first heap   total 51200K, used 20314K [0x00000000e0000000, 0x0000000100000000)
  region size 1024K, 2 young (2048K), 2 survivors (2048K)
 Metaspace       used 35472K, committed 35968K, reserved 1114112K
  class space    used 4616K, committed 4864K, reserved 1048576K
}
Event: 2.689 GC heap before
{Heap before GC invocations=11 (full 0):
 garbage-first heap   total 51200K, used 37722K [0x00000000e0000000, 0x0000000100000000)
  region size 1024K, 19 young (19456K), 2 survivors (2048K)
 Metaspace       used 37846K, committed 38400K, reserved 1114112K
  class space    used 4935K, committed 5184K, reserved 1048576K
}
Event: 2.691 GC heap after
{Heap after GC invocations=12 (full 0):
 garbage-first heap   total 51200K, used 21283K [0x00000000e0000000, 0x0000000100000000)
  region size 1024K, 3 young (3072K), 3 survivors (3072K)
 Metaspace       used 37846K, committed 38400K, reserved 1114112K
  class space    used 4935K, committed 5184K, reserved 1048576K
}
Event: 2.700 GC heap before
{Heap before GC invocations=12 (full 0):
 garbage-first heap   total 51200K, used 22307K [0x00000000e0000000, 0x0000000100000000)
  region size 1024K, 4 young (4096K), 3 survivors (3072K)
 Metaspace       used 37963K, committed 38592K, reserved 1114112K
  class space    used 4957K, committed 5248K, reserved 1048576K
}
Event: 2.702 GC heap after
{Heap after GC invocations=13 (full 0):
 garbage-first heap   total 51200K, used 20912K [0x00000000e0000000, 0x0000000100000000)
  region size 1024K, 1 young (1024K), 1 survivors (1024K)
 Metaspace       used 37963K, committed 38592K, reserved 1114112K
  class space    used 4957K, committed 5248K, reserved 1048576K
}
Event: 2.891 GC heap before
{Heap before GC invocations=13 (full 0):
 garbage-first heap   total 51200K, used 38320K [0x00000000e0000000, 0x0000000100000000)
  region size 1024K, 18 young (18432K), 1 survivors (1024K)
 Metaspace       used 40465K, committed 41088K, reserved 1114112K
  class space    used 5339K, committed 5632K, reserved 1048576K
}
Event: 2.892 GC heap after
{Heap after GC invocations=14 (full 0):
 garbage-first heap   total 51200K, used 22161K [0x00000000e0000000, 0x0000000100000000)
  region size 1024K, 2 young (2048K), 2 survivors (2048K)
 Metaspace       used 40465K, committed 41088K, reserved 1114112K
  class space    used 5339K, committed 5632K, reserved 1048576K
}
Event: 3.057 GC heap before
{Heap before GC invocations=14 (full 0):
 garbage-first heap   total 51200K, used 39569K [0x00000000e0000000, 0x0000000100000000)
  region size 1024K, 19 young (19456K), 2 survivors (2048K)
 Metaspace       used 43587K, committed 44224K, reserved 1114112K
  class space    used 5841K, committed 6144K, reserved 1048576K
}
Event: 3.059 GC heap after
{Heap after GC invocations=15 (full 0):
 garbage-first heap   total 51200K, used 23987K [0x00000000e0000000, 0x0000000100000000)
  region size 1024K, 3 young (3072K), 3 survivors (3072K)
 Metaspace       used 43587K, committed 44224K, reserved 1114112K
  class space    used 5841K, committed 6144K, reserved 1048576K
}
Event: 3.209 GC heap before
{Heap before GC invocations=15 (full 0):
 garbage-first heap   total 51200K, used 40371K [0x00000000e0000000, 0x0000000100000000)
  region size 1024K, 19 young (19456K), 3 survivors (3072K)
 Metaspace       used 45919K, committed 46592K, reserved 1114112K
  class space    used 6176K, committed 6464K, reserved 1048576K
}
Event: 3.212 GC heap after
{Heap after GC invocations=16 (full 0):
 garbage-first heap   total 51200K, used 25878K [0x00000000e0000000, 0x0000000100000000)
  region size 1024K, 2 young (2048K), 2 survivors (2048K)
 Metaspace       used 45919K, committed 46592K, reserved 1114112K
  class space    used 6176K, committed 6464K, reserved 1048576K
}
Event: 3.357 GC heap before
{Heap before GC invocations=16 (full 0):
 garbage-first heap   total 51200K, used 40214K [0x00000000e0000000, 0x0000000100000000)
  region size 1024K, 16 young (16384K), 2 survivors (2048K)
 Metaspace       used 47471K, committed 48128K, reserved 1114112K
  class space    used 6396K, committed 6720K, reserved 1048576K
}
Event: 3.359 GC heap after
{Heap after GC invocations=17 (full 0):
 garbage-first heap   total 51200K, used 27359K [0x00000000e0000000, 0x0000000100000000)
  region size 1024K, 2 young (2048K), 2 survivors (2048K)
 Metaspace       used 47471K, committed 48128K, reserved 1114112K
  class space    used 6396K, committed 6720K, reserved 1048576K
}
Event: 3.511 GC heap before
{Heap before GC invocations=18 (full 0):
 garbage-first heap   total 51200K, used 40671K [0x00000000e0000000, 0x0000000100000000)
  region size 1024K, 15 young (15360K), 2 survivors (2048K)
 Metaspace       used 48655K, committed 49408K, reserved 1114112K
  class space    used 6616K, committed 6976K, reserved 1048576K
}
Event: 3.513 GC heap after
{Heap after GC invocations=19 (full 0):
 garbage-first heap   total 51200K, used 28605K [0x00000000e0000000, 0x0000000100000000)
  region size 1024K, 2 young (2048K), 2 survivors (2048K)
 Metaspace       used 48655K, committed 49408K, reserved 1114112K
  class space    used 6616K, committed 6976K, reserved 1048576K
}
Event: 3.521 GC heap before
{Heap before GC invocations=19 (full 0):
 garbage-first heap   total 51200K, used 29629K [0x00000000e0000000, 0x0000000100000000)
  region size 1024K, 3 young (3072K), 2 survivors (2048K)
 Metaspace       used 49092K, committed 49792K, reserved 1114112K
  class space    used 6666K, committed 6976K, reserved 1048576K
}
Event: 3.523 GC heap after
{Heap after GC invocations=20 (full 0):
 garbage-first heap   total 51200K, used 28401K [0x00000000e0000000, 0x0000000100000000)
  region size 1024K, 1 young (1024K), 1 survivors (1024K)
 Metaspace       used 49092K, committed 49792K, reserved 1114112K
  class space    used 6666K, committed 6976K, reserved 1048576K
}

Dll operation events (15 events):
Event: 0.004 Loaded shared library C:\Users\Fvck\.jdks\openjdk-19.0.1\bin\java.dll
Event: 0.010 Loaded shared library C:\Users\Fvck\.jdks\openjdk-19.0.1\bin\jsvml.dll
Event: 0.086 Loaded shared library C:\Users\Fvck\.jdks\openjdk-19.0.1\bin\zip.dll
Event: 0.088 Loaded shared library C:\Users\Fvck\.jdks\openjdk-19.0.1\bin\instrument.dll
Event: 0.091 Loaded shared library C:\Users\Fvck\.jdks\openjdk-19.0.1\bin\net.dll
Event: 0.092 Loaded shared library C:\Users\Fvck\.jdks\openjdk-19.0.1\bin\nio.dll
Event: 0.093 Loaded shared library C:\Users\Fvck\.jdks\openjdk-19.0.1\bin\zip.dll
Event: 0.129 Loaded shared library D:\IntelliJ IDEA 2022.2.3\bin\breakgen64.dll
Event: 0.132 Loaded shared library C:\Users\Fvck\.jdks\openjdk-19.0.1\bin\jimage.dll
Event: 0.133 Loaded shared library C:\Users\Fvck\.jdks\openjdk-19.0.1\bin\extnet.dll
Event: 0.142 Loaded shared library C:\Users\Fvck\.jdks\openjdk-19.0.1\bin\management.dll
Event: 0.148 Loaded shared library C:\Users\Fvck\.jdks\openjdk-19.0.1\bin\management_ext.dll
Event: 0.815 Loaded shared library C:\Users\Fvck\.jdks\openjdk-19.0.1\bin\sunmscapi.dll
Event: 2.306 Loaded shared library C:\Users\Fvck\.jdks\openjdk-19.0.1\bin\verify.dll
Event: 12.037 Loaded shared library C:\Users\Fvck\AppData\Local\Temp\libasyncProfiler.dll

Deoptimization events (20 events):
Event: 0.209 Thread 0x00000170b3fcaa90 DEOPT PACKING pc=0x00000170bda24d55 sp=0x00000056a2dfd460
Event: 0.209 Thread 0x00000170b3fcaa90 DEOPT UNPACKING pc=0x00000170bd757543 sp=0x00000056a2dfc910 mode 3
Event: 0.215 Thread 0x00000170b3fcaa90 DEOPT PACKING pc=0x00000170bdaca6d0 sp=0x00000056a2dfd430
Event: 0.215 Thread 0x00000170b3fcaa90 DEOPT UNPACKING pc=0x00000170bd757543 sp=0x00000056a2dfc8e8 mode 3
Event: 0.745 Thread 0x00000170c5192c50 DEOPT PACKING pc=0x00000170bdbb451c sp=0x00000056a4bfe080
Event: 0.745 Thread 0x00000170c5192c50 DEOPT UNPACKING pc=0x00000170bd757543 sp=0x00000056a4bfd548 mode 0
Event: 1.639 Thread 0x00000170c5192c50 DEOPT PACKING pc=0x00000170bddd2839 sp=0x00000056a4bfd320
Event: 1.639 Thread 0x00000170c5192c50 DEOPT UNPACKING pc=0x00000170bd757543 sp=0x00000056a4bfc800 mode 3
Event: 2.982 Thread 0x00000170c5192c50 DEOPT PACKING pc=0x00000170be17dd2c sp=0x00000056a4bfa830
Event: 2.982 Thread 0x00000170c5192c50 DEOPT UNPACKING pc=0x00000170bd757543 sp=0x00000056a4bf9d88 mode 0
Event: 3.059 Thread 0x00000170c51921b0 DEOPT PACKING pc=0x00000170bdcacb74 sp=0x00000056a3cff1f0
Event: 3.059 Thread 0x00000170c51921b0 DEOPT UNPACKING pc=0x00000170bd757543 sp=0x00000056a3cfe738 mode 0
Event: 3.091 Thread 0x00000170c5191710 DEOPT PACKING pc=0x00000170bdb599ac sp=0x00000056a50fec80
Event: 3.091 Thread 0x00000170c5191710 DEOPT UNPACKING pc=0x00000170bd757543 sp=0x00000056a50fe1c0 mode 0
Event: 3.134 Thread 0x00000170c5192c50 DEOPT PACKING pc=0x00000170bdffd9b9 sp=0x00000056a4bfd8e0
Event: 3.134 Thread 0x00000170c5192c50 DEOPT UNPACKING pc=0x00000170bd757543 sp=0x00000056a4bfcdc0 mode 3
Event: 3.319 Thread 0x00000170c5192c50 DEOPT PACKING pc=0x00000170bdcc1842 sp=0x00000056a4bfdb30
Event: 3.319 Thread 0x00000170c5192c50 DEOPT UNPACKING pc=0x00000170bd757543 sp=0x00000056a4bfd038 mode 3
Event: 3.319 Thread 0x00000170c5192c50 DEOPT PACKING pc=0x00000170bdca87dc sp=0x00000056a4bfdaf0
Event: 3.319 Thread 0x00000170c5192c50 DEOPT UNPACKING pc=0x00000170bd757543 sp=0x00000056a4bfd038 mode 3

Classes loaded (20 events):
Event: 3.606 Loading class javax/management/remote/rmi/RMIConnectionImpl$7
Event: 3.606 Loading class javax/management/remote/rmi/RMIConnectionImpl$7 done
Event: 3.606 Loading class com/sun/jmx/remote/util/OrderClassLoaders
Event: 3.606 Loading class com/sun/jmx/remote/util/OrderClassLoaders done
Event: 3.606 Loading class java/rmi/MarshalledObject$MarshalledObjectInputStream
Event: 3.606 Loading class java/rmi/MarshalledObject$MarshalledObjectInputStream done
Event: 3.644 Loading class java/util/UUID$Holder
Event: 3.644 Loading class java/util/UUID$Holder done
Event: 3.650 Loading class java/time/Instant$1
Event: 3.650 Loading class java/time/Instant$1 done
Event: 3.667 Loading class org/w3c/dom/Node
Event: 3.667 Loading class org/w3c/dom/Node done
Event: 3.667 Loading class org/w3c/dom/Document
Event: 3.667 Loading class org/w3c/dom/Document done
Event: 6.553 Loading class sun/security/ssl/Alert
Event: 6.553 Loading class sun/security/ssl/Alert done
Event: 6.553 Loading class sun/security/ssl/Alert$AlertConsumer
Event: 6.553 Loading class sun/security/ssl/Alert$AlertConsumer done
Event: 6.553 Loading class sun/security/ssl/Alert$Level
Event: 6.554 Loading class sun/security/ssl/Alert$Level done

Classes unloaded (1 events):
Event: 3.373 Thread 0x00000170c516b980 Unloading class 0x0000000801588000 'java/lang/invoke/LambdaForm$MH+0x0000000801588000'

Classes redefined (0 events):
No events

Internal exceptions (20 events):
Event: 3.117 Thread 0x00000170c5192c50 Exception <a 'java/lang/NoSuchMethodError'{0x00000000e27f3030}: 'java.lang.Object java.lang.invoke.DirectMethodHandle$Holder.newInvokeSpecial(java.lang.Object, java.lang.Object, int)'> (0x00000000e27f3030) 
thrown [s\open\src\hotspot\share\interpreter\linkResolver.cpp, line 774]
Event: 3.119 Thread 0x00000170c5192c50 Exception <a 'java/lang/NoSuchMethodError'{0x00000000e2613ac0}: 'java.lang.Object java.lang.invoke.Invokers$Holder.invoke_MT(java.lang.Object, java.lang.Object, java.lang.Object, java.lang.Object, java.lang.Object, java.lang.Object, java.lang.Object, java.lang.Object, java.lang.Object)'> (0x00000000e2613ac0) 
thrown [s\open\src\hotspot\share\interpreter\linkResolver.cpp, line 774]
Event: 3.154 Thread 0x00000170c5192c50 Exception <a 'java/lang/NoSuchMethodError'{0x00000000e23164f0}: 'java.lang.ClassLoader java.lang.Class.getClassLoader(java.lang.Class)'> (0x00000000e23164f0) 
thrown [s\open\src\hotspot\share\interpreter\linkResolver.cpp, line 774]
Event: 3.183 Thread 0x00000170c5192c50 Exception <a 'java/lang/NoSuchMethodError'{0x00000000e200b048}: 'java.lang.Object java.lang.invoke.DirectMethodHandle$Holder.newInvokeSpecial(java.lang.Object, java.lang.Object, java.lang.Object, java.lang.Object, java.lang.Object, java.lang.Object, java.lang.Object, java.lang.Object)'> (0x00000000e200b048) 
thrown [s\open\src\hotspot\share\interpreter\linkResolver.cpp, line 774]
Event: 3.222 Thread 0x00000170c5192c50 Exception <a 'sun/nio/fs/WindowsException'{0x00000000edff85e0}> (0x00000000edff85e0) 
thrown [s\open\src\hotspot\share\prims\jni.cpp, line 517]
Event: 3.258 Thread 0x00000170c5192c50 Exception <a 'java/lang/NoSuchMethodError'{0x00000000ec83bea0}: 'void java.lang.invoke.DirectMethodHandle$Holder.invokeVirtual(java.lang.Object, java.lang.Object, long)'> (0x00000000ec83bea0) 
thrown [s\open\src\hotspot\share\interpreter\linkResolver.cpp, line 774]
Event: 3.328 Thread 0x00000170c5192c50 Exception <a 'java/lang/IncompatibleClassChangeError'{0x00000000e229ec18}: Found class java.lang.Object, but interface was expected> (0x00000000e229ec18) 
thrown [s\open\src\hotspot\share\interpreter\linkResolver.cpp, line 841]
Event: 3.346 Thread 0x00000170c5192c50 Exception <a 'java/lang/NoSuchMethodError'{0x00000000e20131d8}: 'int java.lang.invoke.DirectMethodHandle$Holder.invokeStaticInit(java.lang.Object, java.lang.Object, java.lang.Object, java.lang.Object)'> (0x00000000e20131d8) 
thrown [s\open\src\hotspot\share\interpreter\linkResolver.cpp, line 774]
Event: 3.367 Thread 0x00000170c5192c50 Exception <a 'java/lang/NoSuchMethodError'{0x00000000edf72a88}: 'java.lang.Object java.lang.invoke.DirectMethodHandle$Holder.newInvokeSpecial(java.lang.Object, java.lang.Object, java.lang.Object, java.lang.Object, java.lang.Object, java.lang.Object, java.lang.Object, java.lang.Object, java.lang.Object)'> (0x00000000edf72a88) 
thrown [s\open\src\hotspot\share\interpreter\linkResolver.cpp, line 774]
Event: 3.397 Thread 0x00000170c5192c50 Exception <a 'java/lang/NoSuchMethodError'{0x00000000ecb09840}: 'java.lang.Object java.lang.invoke.DirectMethodHandle$Holder.invokeVirtual(java.lang.Object, java.lang.Object, java.lang.Object, java.lang.Object, java.lang.Object, java.lang.Object, java.lang.Object)'> (0x00000000ecb09840) 
thrown [s\open\src\hotspot\share\interpreter\linkResolver.cpp, line 774]
Event: 3.441 Thread 0x00000170c5192c50 Exception <a 'java/lang/NoSuchMethodError'{0x00000000e270e898}: 'int java.lang.invoke.DirectMethodHandle$Holder.invokeStatic(java.lang.Object, java.lang.Object, java.lang.Object, java.lang.Object, java.lang.Object)'> (0x00000000e270e898) 
thrown [s\open\src\hotspot\share\interpreter\linkResolver.cpp, line 774]
Event: 3.497 Thread 0x00000170c5192c50 Exception <a 'java/lang/NoSuchMethodError'{0x00000000e22fa6f8}: 'void java.lang.invoke.DirectMethodHandle$Holder.invokeStatic(java.lang.Object, java.lang.Object, double)'> (0x00000000e22fa6f8) 
thrown [s\open\src\hotspot\share\interpreter\linkResolver.cpp, line 774]
Event: 3.502 Thread 0x00000170c5192c50 Exception <a 'java/lang/NoSuchMethodError'{0x00000000e2144cf8}: 'double java.lang.invoke.DirectMethodHandle$Holder.invokeStatic(java.lang.Object, java.lang.Object, java.lang.Object)'> (0x00000000e2144cf8) 
thrown [s\open\src\hotspot\share\interpreter\linkResolver.cpp, line 774]
Event: 3.509 Thread 0x00000170c5192c50 Exception <a 'java/lang/NoSuchMethodError'{0x00000000e21db528}: 'java.lang.Object java.lang.invoke.DirectMethodHandle$Holder.newInvokeSpecial(java.lang.Object, java.lang.Object, int, java.lang.Object, java.lang.Object)'> (0x00000000e21db528) 
thrown [s\open\src\hotspot\share\interpreter\linkResolver.cpp, line 774]
Event: 3.510 Thread 0x00000170c5192c50 Exception <a 'java/lang/NoSuchMethodError'{0x00000000e21e6bb8}: 'java.lang.Object java.lang.invoke.DirectMethodHandle$Holder.invokeSpecial(java.lang.Object, java.lang.Object, int, java.lang.Object, int, java.lang.Object)'> (0x00000000e21e6bb8) 
thrown [s\open\src\hotspot\share\interpreter\linkResolver.cpp, line 774]
Event: 3.510 Thread 0x00000170c5192c50 Exception <a 'java/lang/NoSuchMethodError'{0x00000000e21eec50}: 'java.lang.Object java.lang.invoke.DirectMethodHandle$Holder.newInvokeSpecial(java.lang.Object, java.lang.Object, int, java.lang.Object, int)'> (0x00000000e21eec50) 
thrown [s\open\src\hotspot\share\interpreter\linkResolver.cpp, line 774]
Event: 3.510 Thread 0x00000170c5192c50 Exception <a 'java/lang/NoSuchMethodError'{0x00000000e21f2d68}: 'java.lang.Object java.lang.invoke.DirectMethodHandle$Holder.invokeSpecial(java.lang.Object, java.lang.Object, java.lang.Object, int, java.lang.Object, int)'> (0x00000000e21f2d68) 
thrown [s\open\src\hotspot\share\interpreter\linkResolver.cpp, line 774]
Event: 3.516 Thread 0x00000170c5194190 Exception <a 'java/lang/NoSuchMethodError'{0x00000000edf16bb8}: 'long java.lang.invoke.DirectMethodHandle$Holder.invokeStatic(java.lang.Object, java.lang.Object, java.lang.Object)'> (0x00000000edf16bb8) 
thrown [s\open\src\hotspot\share\interpreter\linkResolver.cpp, line 774]
Event: 3.605 Thread 0x00000170c5191710 Exception <a 'java/lang/NoSuchMethodError'{0x00000000ecb37160}: 'java.lang.Object java.lang.invoke.DirectMethodHandle$Holder.invokeInterface(java.lang.Object, java.lang.Object, java.lang.Object, java.lang.Object, java.lang.Object, java.lang.Object, java.lang.Object)'> (0x00000000ecb37160) 
thrown [s\open\src\hotspot\share\interpreter\linkResolver.cpp, line 774]
Event: 12.040 Thread 0x00000170c5189010 Exception <a 'java/lang/IllegalArgumentException'{0x00000000e25d7000}: Unknown argument 'foldmultilines' in diagnostic command.> (0x00000000e25d7000) 
thrown [s\open\src\hotspot\share\services\diagnosticFramework.cpp, line 215]

VM Operations (20 events):
Event: 3.440 Executing VM operation: HandshakeAllThreads
Event: 3.440 Executing VM operation: HandshakeAllThreads done
Event: 3.503 Executing VM operation: HandshakeAllThreads
Event: 3.503 Executing VM operation: HandshakeAllThreads done
Event: 3.511 Executing VM operation: G1CollectForAllocation
Event: 3.513 Executing VM operation: G1CollectForAllocation done
Event: 3.521 Executing VM operation: G1CollectForAllocation
Event: 3.523 Executing VM operation: G1CollectForAllocation done
Event: 3.535 Executing VM operation: HandshakeAllThreads
Event: 3.535 Executing VM operation: HandshakeAllThreads done
Event: 3.646 Executing VM operation: HandshakeAllThreads
Event: 3.646 Executing VM operation: HandshakeAllThreads done
Event: 3.659 Executing VM operation: HandshakeAllThreads
Event: 3.659 Executing VM operation: HandshakeAllThreads done
Event: 4.664 Executing VM operation: Cleanup
Event: 4.664 Executing VM operation: Cleanup done
Event: 6.679 Executing VM operation: Cleanup
Event: 6.679 Executing VM operation: Cleanup done
Event: 10.698 Executing VM operation: Cleanup
Event: 10.698 Executing VM operation: Cleanup done

Events (20 events):
Event: 3.599 Thread 0x00000170cb72d1f0 Thread added: 0x00000170cb72d1f0
Event: 3.602 Thread 0x00000170cb72d1f0 Thread exited: 0x00000170cb72d1f0
Event: 3.603 Thread 0x00000170cb728240 Thread added: 0x00000170cb728240
Event: 3.605 Thread 0x00000170cb729230 Thread added: 0x00000170cb729230
Event: 3.606 Thread 0x00000170cb72e730 Thread added: 0x00000170cb72e730
Event: 3.607 Thread 0x00000170cb72e730 Thread exited: 0x00000170cb72e730
Event: 3.608 Thread 0x00000170cb72bcb0 Thread added: 0x00000170cb72bcb0
Event: 3.609 Thread 0x00000170cb728240 Thread exited: 0x00000170cb728240
Event: 3.609 Thread 0x00000170cb72d1f0 Thread added: 0x00000170cb72d1f0
Event: 3.611 Thread 0x00000170cb72d1f0 Thread exited: 0x00000170cb72d1f0
Event: 3.611 Thread 0x00000170cb72bcb0 Thread exited: 0x00000170cb72bcb0
Event: 3.611 Thread 0x00000170cb72e730 Thread added: 0x00000170cb72e730
Event: 3.611 Thread 0x00000170cb72cca0 Thread added: 0x00000170cb72cca0
Event: 3.615 Thread 0x00000170cb72cca0 Thread exited: 0x00000170cb72cca0
Event: 3.615 Thread 0x00000170cb72a770 Thread added: 0x00000170cb72a770
Event: 3.691 Thread 0x00000170cb72a770 Thread exited: 0x00000170cb72a770
Event: 6.554 Thread 0x00000170c99d0b90 Thread exited: 0x00000170c99d0b90
Event: 6.554 Thread 0x00000170c94c0e70 Thread exited: 0x00000170c94c0e70
Event: 6.770 Thread 0x00000170c51936f0 Thread exited: 0x00000170c51936f0
Event: 7.854 Thread 0x00000170c94c04e0 Thread exited: 0x00000170c94c04e0


Dynamic libraries:
0x00007ff7d5080000 - 0x00007ff7d508e000 	C:\Users\Fvck\.jdks\openjdk-19.0.1\bin\java.exe
0x00007ff8410d0000 - 0x00007ff8412c8000 	C:\Windows\SYSTEM32\ntdll.dll
0x00007ff840fd0000 - 0x00007ff84108f000 	C:\Windows\System32\KERNEL32.DLL
0x00007ff83ea50000 - 0x00007ff83ed22000 	C:\Windows\System32\KERNELBASE.dll
0x00007ff83e950000 - 0x00007ff83ea50000 	C:\Windows\System32\ucrtbase.dll
0x00007ff81f870000 - 0x00007ff81f887000 	C:\Users\Fvck\.jdks\openjdk-19.0.1\bin\jli.dll
0x00007ff820e80000 - 0x00007ff820e9b000 	C:\Users\Fvck\.jdks\openjdk-19.0.1\bin\VCRUNTIME140.dll
0x00007ff83fa10000 - 0x00007ff83fbb1000 	C:\Windows\System32\USER32.dll
0x00007ff81fab0000 - 0x00007ff81fd4a000 	C:\Windows\WinSxS\amd64_microsoft.windows.common-controls_6595b64144ccf1df_6.0.19041.1110_none_60b5254171f9507e\COMCTL32.dll
0x00007ff83f040000 - 0x00007ff83f062000 	C:\Windows\System32\win32u.dll
0x00007ff840750000 - 0x00007ff8407ee000 	C:\Windows\System32\msvcrt.dll
0x00007ff840650000 - 0x00007ff84067b000 	C:\Windows\System32\GDI32.dll
0x00007ff83e7c0000 - 0x00007ff83e8cf000 	C:\Windows\System32\gdi32full.dll
0x00007ff83f070000 - 0x00007ff83f10d000 	C:\Windows\System32\msvcp_win.dll
0x00007ff83fee0000 - 0x00007ff83ff12000 	C:\Windows\System32\IMM32.DLL
0x00007ff82b7f0000 - 0x00007ff82b7fc000 	C:\Users\Fvck\.jdks\openjdk-19.0.1\bin\vcruntime140_1.dll
0x00007ff803c70000 - 0x00007ff803cfe000 	C:\Users\Fvck\.jdks\openjdk-19.0.1\bin\msvcp140.dll
0x00007ffff49a0000 - 0x00007ffff5660000 	C:\Users\Fvck\.jdks\openjdk-19.0.1\bin\server\jvm.dll
0x00007ff83f670000 - 0x00007ff83f71e000 	C:\Windows\System32\ADVAPI32.dll
0x00007ff83fbc0000 - 0x00007ff83fc5c000 	C:\Windows\System32\sechost.dll
0x00007ff8403f0000 - 0x00007ff840515000 	C:\Windows\System32\RPCRT4.dll
0x00007ff838c40000 - 0x00007ff838c49000 	C:\Windows\SYSTEM32\WSOCK32.dll
0x00007ff832380000 - 0x00007ff8323a7000 	C:\Windows\SYSTEM32\WINMM.dll
0x00007ff83f110000 - 0x00007ff83f17b000 	C:\Windows\System32\WS2_32.dll
0x00007ff833ed0000 - 0x00007ff833eda000 	C:\Windows\SYSTEM32\VERSION.dll
0x00007ff83c580000 - 0x00007ff83c592000 	C:\Windows\SYSTEM32\kernel.appcore.dll
0x00007ff82a5d0000 - 0x00007ff82a5da000 	C:\Users\Fvck\.jdks\openjdk-19.0.1\bin\jimage.dll
0x00007ff835400000 - 0x00007ff8355e4000 	C:\Windows\SYSTEM32\DBGHELP.DLL
0x00007ff82c2c0000 - 0x00007ff82c2f5000 	C:\Windows\SYSTEM32\dbgcore.DLL
0x00007ff83efb0000 - 0x00007ff83f032000 	C:\Windows\System32\bcryptPrimitives.dll
0x00007ff837e70000 - 0x00007ff837e7e000 	C:\Users\Fvck\.jdks\openjdk-19.0.1\bin\instrument.dll
0x00007ff805220000 - 0x00007ff805246000 	C:\Users\Fvck\.jdks\openjdk-19.0.1\bin\java.dll
0x00007ff802f40000 - 0x00007ff803017000 	C:\Users\Fvck\.jdks\openjdk-19.0.1\bin\jsvml.dll
0x00007ff840800000 - 0x00007ff840f44000 	C:\Windows\System32\SHELL32.dll
0x00007ff83c860000 - 0x00007ff83cff2000 	C:\Windows\SYSTEM32\windows.storage.dll
0x00007ff83f2b0000 - 0x00007ff83f605000 	C:\Windows\System32\combase.dll
0x00007ff83e060000 - 0x00007ff83e090000 	C:\Windows\SYSTEM32\Wldp.dll
0x00007ff83fd40000 - 0x00007ff83fded000 	C:\Windows\System32\SHCORE.dll
0x00007ff83f610000 - 0x00007ff83f665000 	C:\Windows\System32\shlwapi.dll
0x00007ff83e700000 - 0x00007ff83e71f000 	C:\Windows\SYSTEM32\profapi.dll
0x00007ff81bdf0000 - 0x00007ff81be08000 	C:\Users\Fvck\.jdks\openjdk-19.0.1\bin\zip.dll
0x00007ff81d5e0000 - 0x00007ff81d5f3000 	C:\Users\Fvck\.jdks\openjdk-19.0.1\bin\net.dll
0x00007ff837870000 - 0x00007ff83797c000 	C:\Windows\SYSTEM32\WINHTTP.dll
0x00007ff83de40000 - 0x00007ff83deaa000 	C:\Windows\system32\mswsock.dll
0x00007ff81c5d0000 - 0x00007ff81c5e6000 	C:\Users\Fvck\.jdks\openjdk-19.0.1\bin\nio.dll
0x00007ff82af20000 - 0x00007ff82af3a000 	D:\IntelliJ IDEA 2022.2.3\bin\breakgen64.dll
0x00007ff829590000 - 0x00007ff829598000 	C:\Users\Fvck\.jdks\openjdk-19.0.1\bin\extnet.dll
0x00007ff83db90000 - 0x00007ff83dc5a000 	C:\Windows\SYSTEM32\DNSAPI.dll
0x00007ff83db50000 - 0x00007ff83db8b000 	C:\Windows\SYSTEM32\IPHLPAPI.DLL
0x00007ff83f2a0000 - 0x00007ff83f2a8000 	C:\Windows\System32\NSI.dll
0x00007ff836ed0000 - 0x00007ff836eda000 	C:\Windows\System32\rasadhlp.dll
0x00007ff837190000 - 0x00007ff837210000 	C:\Windows\System32\fwpuclnt.dll
0x00007ff83e920000 - 0x00007ff83e947000 	C:\Windows\System32\bcrypt.dll
0x00007ff837e60000 - 0x00007ff837e6a000 	C:\Users\Fvck\.jdks\openjdk-19.0.1\bin\management.dll
0x00007ff82ea30000 - 0x00007ff82ea3b000 	C:\Users\Fvck\.jdks\openjdk-19.0.1\bin\management_ext.dll
0x00007ff8407f0000 - 0x00007ff8407f8000 	C:\Windows\System32\PSAPI.DLL
0x00007ff83e0a0000 - 0x00007ff83e0b8000 	C:\Windows\SYSTEM32\CRYPTSP.dll
0x00007ff83d780000 - 0x00007ff83d7b4000 	C:\Windows\system32\rsaenh.dll
0x00007ff83e680000 - 0x00007ff83e6ae000 	C:\Windows\SYSTEM32\USERENV.dll
0x00007ff83dfd0000 - 0x00007ff83dfdc000 	C:\Windows\SYSTEM32\CRYPTBASE.dll
0x00007ff8379f0000 - 0x00007ff837a07000 	C:\Windows\SYSTEM32\dhcpcsvc6.DLL
0x00007ff837980000 - 0x00007ff83799d000 	C:\Windows\SYSTEM32\dhcpcsvc.DLL
0x00007ff820730000 - 0x00007ff820747000 	C:\Windows\system32\napinsp.dll
0x00007ff8389f0000 - 0x00007ff838a05000 	C:\Windows\system32\wshbth.dll
0x00007ff83a270000 - 0x00007ff83a28d000 	C:\Windows\system32\NLAapi.dll
0x00007ff820710000 - 0x00007ff820722000 	C:\Windows\System32\winrnr.dll
0x00007ff8205e0000 - 0x00007ff8205fb000 	C:\Windows\system32\pnrpnsp.dll
0x00007ff82af10000 - 0x00007ff82af1e000 	C:\Users\Fvck\.jdks\openjdk-19.0.1\bin\sunmscapi.dll
0x00007ff83ed30000 - 0x00007ff83ee86000 	C:\Windows\System32\CRYPT32.dll
0x00007ff83e190000 - 0x00007ff83e1b7000 	C:\Windows\SYSTEM32\ncrypt.dll
0x00007ff83e150000 - 0x00007ff83e18b000 	C:\Windows\SYSTEM32\NTASN1.dll
0x00007ff820bc0000 - 0x00007ff820bd0000 	C:\Users\Fvck\.jdks\openjdk-19.0.1\bin\verify.dll
0x00007ff82ba50000 - 0x00007ff82ba57000 	C:\Windows\system32\wshunix.dll

dbghelp: loaded successfully - version: 4.0.5 - missing functions: none
symbol engine: initialized successfully - sym options: 0x614 - pdb path: .;C:\Users\Fvck\.jdks\openjdk-19.0.1\bin;C:\Windows\SYSTEM32;C:\Windows\WinSxS\amd64_microsoft.windows.common-controls_6595b64144ccf1df_6.0.19041.1110_none_60b5254171f9507e;C:\Users\Fvck\.jdks\openjdk-19.0.1\bin\server;D:\IntelliJ IDEA 2022.2.3\bin;C:\Users\Fvck\AppData\Local\Temp

VM Arguments:
jvm_args: -Xmx512m -XX:TieredStopAtLevel=1 -Dspring.output.ansi.enabled=always -Dcom.sun.management.jmxremote -Dspring.jmx.enabled=true -Dspring.liveBeansView.mbeanDomain -Dspring.application.admin.enabled=true -javaagent:D:\IntelliJ IDEA 2022.2.3\lib\idea_rt.jar=57157:D:\IntelliJ IDEA 2022.2.3\bin -Dfile.encoding=UTF-8 -Dsun.stdout.encoding=UTF-8 -Dsun.stderr.encoding=UTF-8 
java_command: com.example.api.ApiApplication
java_class_path (initial): C:\Users\Fvck\Desktop\API\target\classes;C:\Users\Fvck\.m2\repository\org\springframework\boot\spring-boot-starter-web\3.1.5\spring-boot-starter-web-3.1.5.jar;C:\Users\Fvck\.m2\repository\org\springframework\boot\spring-boot-starter\3.1.5\spring-boot-starter-3.1.5.jar;C:\Users\Fvck\.m2\repository\org\springframework\boot\spring-boot-starter-logging\3.1.5\spring-boot-starter-logging-3.1.5.jar;C:\Users\Fvck\.m2\repository\ch\qos\logback\logback-classic\1.4.11\logback-classic-1.4.11.jar;C:\Users\Fvck\.m2\repository\ch\qos\logback\logback-core\1.4.11\logback-core-1.4.11.jar;C:\Users\Fvck\.m2\repository\org\apache\logging\log4j\log4j-to-slf4j\2.20.0\log4j-to-slf4j-2.20.0.jar;C:\Users\Fvck\.m2\repository\org\apache\logging\log4j\log4j-api\2.20.0\log4j-api-2.20.0.jar;C:\Users\Fvck\.m2\repository\org\slf4j\jul-to-slf4j\2.0.9\jul-to-slf4j-2.0.9.jar;C:\Users\Fvck\.m2\repository\jakarta\annotation\jakarta.annotation-api\2.1.1\jakarta.annotation-api-2.1.1.jar;C:\Users\Fvck\.m2\repository\org\yaml\snakeyaml\1.33\snakeyaml-1.33.jar;C:\Users\Fvck\.m2\repository\org\springframework\boot\spring-boot-starter-json\3.1.5\spring-boot-starter-json-3.1.5.jar;C:\Users\Fvck\.m2\repository\com\fasterxml\jackson\datatype\jackson-datatype-jdk8\2.15.3\jackson-datatype-jdk8-2.15.3.jar;C:\Users\Fvck\.m2\repository\com\fasterxml\jackson\datatype\jackson-datatype-jsr310\2.15.3\jackson-datatype-jsr310-2.15.3.jar;C:\Users\Fvck\.m2\repository\com\fasterxml\jackson\module\jackson-module-parameter-names\2.15.3\jackson-module-parameter-names-2.15.3.jar;C:\Users\Fvck\.m2\repository\org\springframework\boot\spring-boot-starter-tomcat\3.1.5\spring-boot-starter-tomcat-3.1.5.jar;C:\Users\Fvck\.m2\repository\org\apache\tomcat\embed\tomcat-embed-core\10.1.15\tomcat-embed-core-10.1.15.jar;C:\Users\Fvck\.m2\repository\org\apache\tomcat\embed\tomcat-embed-el\10.1.15\tomcat-embed-el-10.1.15.jar;C:\Users\Fvck\.m2\repository\org\apache\tomcat\embed\tomcat-embed-websocket\10.1.15\tomcat-embed-websocket-10.1.15.jar;C:\Users\Fvck\.m2\repository\org\springframework\spring-web\6.0.13\spring-web-6.0.13.jar;C:\Users\Fvck\.m2\repository\org\springframework\spring-beans\6.0.13\spring-beans-6.0.13.jar;C:\Users\Fvck\.m2\repository\org\springframework\spring-webmvc\6.0.13\spring-webmvc-6.0.13.jar;C:\Users\Fvck\.m2\repository\org\springframework\spring-context\6.0.13\spring-context-6.0.13.jar;C:\Users\Fvck\.m2\repository\org\springframework\spring-expression\6.0.13\spring-expression-6.0.13.jar;C:\Users\Fvck\.m2\repository\org\springframework\boot\spring-boot-devtools\3.1.5\spring-boot-devtools-3.1.5.jar;C:\Users\Fvck\.m2\repository\org\springframework\boot\spring-boot\3.1.5\spring-boot-3.1.5.jar;C:\Users\Fvck\.m2\repository\org\springframework\boot\spring-boot-autoconfigure\3.1.5\spring-boot-autoconfigure-3.1.5.jar;C:\Users\Fvck\.m2\repository\org\projectlombok\lombok\1.18.30\lombok-1.18.30.jar;C:\Users\Fvck\.m2\repository\org\springframework\spring-core\6.0.13\spring-core-6.0.13.jar;C:\Users\Fvck\.m2\repository\org\springframework\spring-jcl\6.0.13\spring-jcl-6.0.13.jar;C:\Users\Fvck\.m2\repository\org\springframework\spring-aop\6.0.13\spring-aop-6.0.13.jar;C:\Users\Fvck\.m2\repository\org\aspectj\aspectjweaver\1.9.20\aspectjweaver-1.9.20.jar;C:\Users\Fvck\.m2\repository\com\alibaba\csp\sentinel-core\1.8.6\sentinel-core-1.8.6.jar;C:\Users\Fvck\.m2\repository\com\alibaba\csp\sentinel-annotation-aspectj\1.8.6\sentinel-annotation-aspectj-1.8.6.jar;C:\Users\Fvck\.m2\repository\org\springframework\boot\spring-boot-starter-data-mongodb\3.1.5\spring-boot-starter-data-mongodb-3.1.5.jar;C:\Users\Fvck\.m2\repository\org\mongodb\mongodb-driver-sync\4.9.1\mongodb-driver-sync-4.9.1.jar;C:\Users\Fvck\.m2\repository\org\mongodb\bson\4.9.1\bson-4.9.1.jar;C:\Users\Fvck\.m2\repository\org\mongodb\mongodb-driver-core\4.9.1\mongodb-driver-core-4.9.1.jar;C:\Users\Fvck\.m2\repository\org\mongodb\bson-record-codec\4.9.1\bson-record-codec-4.9.1.jar;C:\Users\Fvck\.m2\repository\org\springframework\data\spring-data-mongodb\4.1.5\spring-data-mongodb-4.1.5.jar;C:\Users\Fvck\.m2\repository\org\springframework\spring-tx\6.0.13\spring-tx-6.0.13.jar;C:\Users\Fvck\.m2\repository\org\springframework\data\spring-data-commons\3.1.5\spring-data-commons-3.1.5.jar;C:\Users\Fvck\.m2\repository\com\fasterxml\jackson\core\jackson-databind\2.12.3\jackson-databind-2.12.3.jar;C:\Users\Fvck\.m2\repository\com\fasterxml\jackson\core\jackson-annotations\2.15.3\jackson-annotations-2.15.3.jar;C:\Users\Fvck\.m2\repository\com\fasterxml\jackson\core\jackson-core\2.15.3\jackson-core-2.15.3.jar;C:\Users\Fvck\.m2\repository\com\wavefront\wavefront-spring-boot-starter\3.0.2\wavefront-spring-boot-starter-3.0.2.jar;C:\Users\Fvck\.m2\repository\org\springframework\boot\spring-boot-starter-actuator\3.1.5\spring-boot-starter-actuator-3.1.5.jar;C:\Users\Fvck\.m2\repository\org\springframework\boot\spring-boot-actuator-autoconfigure\3.1.5\spring-boot-actuator-autoconfigure-3.1.5.jar;C:\Users\Fvck\.m2\repository\org\springframework\boot\spring-boot-actuator\3.1.5\spring-boot-actuator-3.1.5.jar;C:\Users\Fvck\.m2\repository\com\wavefront\wavefront-spring-boot\3.0.2\wavefront-spring-boot-3.0.2.jar;C:\Users\Fvck\.m2\repository\io\micrometer\micrometer-registry-wavefront\1.11.5\micrometer-registry-wavefront-1.11.5.jar;C:\Users\Fvck\.m2\repository\io\micrometer\micrometer-core\1.11.5\micrometer-core-1.11.5.jar;C:\Users\Fvck\.m2\repository\io\micrometer\micrometer-commons\1.11.5\micrometer-commons-1.11.5.jar;C:\Users\Fvck\.m2\repository\org\hdrhistogram\HdrHistogram\2.1.12\HdrHistogram-2.1.12.jar;C:\Users\Fvck\.m2\repository\org\latencyutils\LatencyUtils\2.0.3\LatencyUtils-2.0.3.jar;C:\Users\Fvck\.m2\repository\com\wavefront\wavefront-sdk-java\3.4.0\wavefront-sdk-java-3.4.0.jar;C:\Users\Fvck\.m2\repository\com\google\code\findbugs\jsr305\3.0.2\jsr305-3.0.2.jar;C:\Users\Fvck\.m2\repository\com\tdunning\t-digest\3.2\t-digest-3.2.jar;C:\Users\Fvck\.m2\repository\com\google\guava\guava\32.1.2-jre\guava-32.1.2-jre.jar;C:\Users\Fvck\.m2\repository\com\google\guava\failureaccess\1.0.1\failureaccess-1.0.1.jar;C:\Users\Fvck\.m2\repository\com\google\guava\listenablefuture\9999.0-empty-to-avoid-conflict-with-guava\listenablefuture-9999.0-empty-to-avoid-conflict-with-guava.jar;C:\Users\Fvck\.m2\repository\org\checkerframework\checker-qual\3.33.0\checker-qual-3.33.0.jar;C:\Users\Fvck\.m2\repository\com\google\errorprone\error_prone_annotations\2.18.0\error_prone_annotations-2.18.0.jar;C:\Users\Fvck\.m2\repository\com\google\j2objc\j2objc-annotations\2.8\j2objc-annotations-2.8.jar;C:\Users\Fvck\.m2\repository\org\slf4j\slf4j-api\2.0.9\slf4j-api-2.0.9.jar;C:\Users\Fvck\.m2\repository\io\micrometer\micrometer-tracing-bridge-brave\1.1.6\micrometer-tracing-bridge-brave-1.1.6.jar;C:\Users\Fvck\.m2\repository\io\micrometer\micrometer-tracing\1.1.6\micrometer-tracing-1.1.6.jar;C:\Users\Fvck\.m2\repository\io\micrometer\context-propagation\1.0.6\context-propagation-1.0.6.jar;C:\Users\Fvck\.m2\repository\aopalliance\aopalliance\1.0\aopalliance-1.0.jar;C:\Users\Fvck\.m2\repository\io\zipkin\brave\brave\5.15.1\brave-5.15.1.jar;C:\Users\Fvck\.m2\repository\io\zipkin\brave\brave-context-slf4j\5.15.1\brave-context-slf4j-5.15.1.jar;C:\Users\Fvck\.m2\repository\io\zipkin\brave\brave-instrumentation-http\5.15.1\brave-instrumentation-http-5.15.1.jar;C:\Users\Fvck\.m2\repository\io\zipkin\aws\brave-propagation-aws\0.23.5\brave-propagation-aws-0.23.5.jar;C:\Users\Fvck\.m2\repository\io\micrometer\micrometer-tracing-reporter-wavefront\1.1.6\micrometer-tracing-reporter-wavefront-1.1.6.jar;C:\Users\Fvck\.m2\repository\io\micrometer\micrometer-observation\1.11.5\micrometer-observation-1.11.5.jar;C:\Users\Fvck\.m2\repository\com\wavefront\wavefront-internal-reporter-java\1.7.16\wavefront-internal-reporter-java-1.7.16.jar;C:\Users\Fvck\.m2\repository\com\fasterxml\jackson\dataformat\jackson-dataformat-yaml\2.15.3\jackson-dataformat-yaml-2.15.3.jar
Launcher Type: SUN_STANDARD

[Global flags]
     intx CICompilerCount                          = 4                                         {product} {ergonomic}
     uint ConcGCThreads                            = 3                                         {product} {ergonomic}
     uint G1ConcRefinementThreads                  = 10                                        {product} {ergonomic}
   size_t G1HeapRegionSize                         = 1048576                                   {product} {ergonomic}
    uintx GCDrainStackTargetSize                   = 64                                        {product} {ergonomic}
   size_t InitialHeapSize                          = 234881024                                 {product} {ergonomic}
     bool ManagementServer                         = true                                      {product} {command line}
   size_t MarkStackSize                            = 4194304                                   {product} {ergonomic}
   size_t MaxHeapSize                              = 536870912                                 {product} {command line}
   size_t MaxNewSize                               = 321912832                                 {product} {ergonomic}
   size_t MinHeapDeltaBytes                        = 1048576                                   {product} {ergonomic}
   size_t MinHeapSize                              = 8388608                                   {product} {ergonomic}
    uintx NonProfiledCodeHeapSize                  = 0                                      {pd product} {ergonomic}
     bool ProfileInterpreter                       = false                                  {pd product} {command line}
    uintx ProfiledCodeHeapSize                     = 0                                      {pd product} {ergonomic}
   size_t SoftMaxHeapSize                          = 536870912                              {manageable} {ergonomic}
     intx TieredStopAtLevel                        = 1                                         {product} {command line}
     bool UseCompressedClassPointers               = true                           {product lp64_product} {ergonomic}
     bool UseCompressedOops                        = true                           {product lp64_product} {ergonomic}
     bool UseG1GC                                  = true                                      {product} {ergonomic}
     bool UseLargePagesIndividualAllocation        = false                                  {pd product} {ergonomic}

Logging:
Log output configuration:
 #0: stdout all=warning uptime,level,tags foldmultilines=false
 #1: stderr all=off uptime,level,tags foldmultilines=false

Environment Variables:
PATH=C:\Program Files\Common Files\Oracle\Java\javapath;C:\Program Files (x86)\NVIDIA Corporation\PhysX\Common;C:\Program Files (x86)\Common Files\Oracle\Java\javapath;C:\Windows\system32;C:\Windows;C:\Windows\System32\Wbem;C:\Windows\System32\WindowsPowerShell\v1.0\;C:\Windows\System32\OpenSSH\;C:\Program Files\dotnet\;C:\Certbot\bin;C:\Program Files\Git\cmd;;C:\minikube;D:\Putty\;C:\Program Files (x86)\Microsoft SQL Server\160\DTS\Binn\;C:\Program Files\Azure Data Studio\bin;C:\Program Files (x86)\Microsoft SQL Server\160\Tools\Binn\;C:\Program Files\Microsoft SQL Server\160\Tools\Binn\;C:\Program Files\Microsoft SQL Server\Client SDK\ODBC\170\Tools\Binn\;C:\Program Files\Microsoft SQL Server\160\DTS\Binn\;C:\Users\Fvck\AppData\Local\Microsoft\WindowsApps;;C:\Program Files\Azure Data Studio\bin;D:\Microsoft VS Code\bin;C:\Program Files\Azure Data Studio\bin
USERNAME=Benja
OS=Windows_NT
PROCESSOR_IDENTIFIER=AMD64 Family 25 Model 80 Stepping 0, AuthenticAMD
TMP=C:\Users\Fvck\AppData\Local\Temp
TEMP=C:\Users\Fvck\AppData\Local\Temp



---------------  S Y S T E M  ---------------

OS:
 Windows 10 , 64 bit Build 19041 (10.0.19041.2364)
OS uptime: 2 days 12:47 hours
Hyper-V role detected

CPU: total 12 (initial active 12) (12 cores per cpu, 2 threads per core) family 25 model 80 stepping 0 microcode 0x0, cx8, cmov, fxsr, ht, mmx, 3dnowpref, sse, sse2, sse3, ssse3, sse4a, sse4.1, sse4.2, popcnt, lzcnt, tsc, tscinvbit, avx, avx2, aes, erms, clmul, bmi1, bmi2, adx, sha, fma, vzeroupper, clflush, clflushopt, hv, rdtscp, rdpid, fsrm

Memory: 4k page, system-wide physical 14225M (4717M free)
TotalPageFile size 17715M (AvailPageFile size 3278M)
current process WorkingSet (physical memory assigned to process): 177M, peak: 178M
current process commit charge ("private bytes"): 233M, peak: 349M

vm_info: OpenJDK 64-Bit Server VM (19.0.1+10-21) for windows-amd64 JRE (19.0.1+10-21), built on 2022-09-14T12:45:06Z by "mach5one" with MS VC++ 17.1 (VS2022)

END.
